<?xml version="1.0" encoding="UTF-8"?>
<!-- Generated by org.testng.reporters.JUnitXMLReporter -->
<testsuite hostname="INDSNOIB9X0P12" ignored="0" name="Delinquency Soap Job  Test" tests="1" failures="1" timestamp="09 Jan 2019 07:24:01 GMT" time="7.016" errors="0">
  <testcase name="ProcessPayLoadEnrollmentCalls" time="6.334" classname="Testcase.processARAccountforDelinquency">
    <failure type="java.lang.AssertionError" message="Test is FAILED!!!">
      <![CDATA[java.lang.AssertionError: Test is FAILED!!!
at Testcase.processARAccountforDelinquency.ProcessPayLoadEnrollmentCalls(processARAccountforDelinquency.java:172)
... Removed 26 stack frames]]>
    </failure>
  </testcase> <!-- ProcessPayLoadEnrollmentCalls -->
</testsuite> <!-- Delinquency Soap Job  Test -->
