<?xml version="1.0" encoding="UTF-8"?>
<!-- Generated by org.testng.reporters.JUnitXMLReporter -->
<testsuite hostname="INDSNOIB9X0P12" ignored="0" name="NSF Status validation Test" tests="2" failures="1" timestamp="13 Mar 2019 08:59:46 GMT" time="7.041" errors="0">
  <testcase name="validation" time="2.962" classname="Testcase.nsfStatusValidationTest"/>
  <testcase name="validation" time="3.644" classname="Testcase.nsfStatusValidationTest">
    <failure type="java.lang.AssertionError" message="Test is FAILED!!!">
      <![CDATA[java.lang.AssertionError: Test is FAILED!!!
at Testcase.nsfStatusValidationTest.validation(nsfStatusValidationTest.java:96)
... Removed 26 stack frames]]>
    </failure>
  </testcase> <!-- validation -->
</testsuite> <!-- NSF Status validation Test -->
