<?xml version="1.0" encoding="UTF-8"?>
<!-- Generated by org.testng.reporters.JUnitXMLReporter -->
<testsuite hostname="INDSNOIB9X0P12" ignored="0" name="Payment Test" tests="1" failures="1" timestamp="18 Sep 2019 06:03:58 GMT" time="45.769" errors="0">
  <testcase name="quote" time="45.292" classname="Testcase.memberPaymentTestNew">
    <failure type="java.lang.AssertionError" message="Test is FAILED!!!">
      <![CDATA[java.lang.AssertionError: Test is FAILED!!!
at Testcase.memberPaymentTestNew.quote(memberPaymentTestNew.java:185)
... Removed 26 stack frames]]>
    </failure>
  </testcase> <!-- quote -->
</testsuite> <!-- Payment Test -->
