<?xml version="1.0" encoding="UTF-8"?>
<!-- Generated by org.testng.reporters.JUnitXMLReporter -->
<testsuite hostname="INDSNOIB9X0P12" ignored="0" name="Threshold Test" tests="13" failures="13" timestamp="10 Sep 2019 07:02:23 GMT" time="870.267" errors="0">
  <testcase name="quote" time="74.173" classname="Testcase.thresholdQuoteTest">
    <failure type="java.sql.SQLException" message="Exhausted Resultset">
      <![CDATA[java.sql.SQLException: Exhausted Resultset
at oracle.jdbc.driver.OracleResultSetImpl.getString(OracleResultSetImpl.java:1270)
at oracle.jdbc.driver.OracleResultSet.getString(OracleResultSet.java:498)
at Testcase.thresholdQuoteTest.quote(thresholdQuoteTest.java:93)
... Removed 25 stack frames]]>
    </failure>
  </testcase> <!-- quote -->
  <testcase name="quote" time="83.505" classname="Testcase.thresholdQuoteTest">
    <failure type="java.sql.SQLException" message="Exhausted Resultset">
      <![CDATA[java.sql.SQLException: Exhausted Resultset
at oracle.jdbc.driver.OracleResultSetImpl.getString(OracleResultSetImpl.java:1270)
at oracle.jdbc.driver.OracleResultSet.getString(OracleResultSet.java:498)
at Testcase.thresholdQuoteTest.quote(thresholdQuoteTest.java:93)
... Removed 25 stack frames]]>
    </failure>
  </testcase> <!-- quote -->
  <testcase name="quote" time="68.901" classname="Testcase.thresholdQuoteTest">
    <failure type="java.sql.SQLException" message="Exhausted Resultset">
      <![CDATA[java.sql.SQLException: Exhausted Resultset
at oracle.jdbc.driver.OracleResultSetImpl.getString(OracleResultSetImpl.java:1270)
at oracle.jdbc.driver.OracleResultSet.getString(OracleResultSet.java:498)
at Testcase.thresholdQuoteTest.quote(thresholdQuoteTest.java:93)
... Removed 25 stack frames]]>
    </failure>
  </testcase> <!-- quote -->
  <testcase name="quote" time="70.553" classname="Testcase.thresholdQuoteTest">
    <failure type="java.sql.SQLException" message="Exhausted Resultset">
      <![CDATA[java.sql.SQLException: Exhausted Resultset
at oracle.jdbc.driver.OracleResultSetImpl.getString(OracleResultSetImpl.java:1270)
at oracle.jdbc.driver.OracleResultSet.getString(OracleResultSet.java:498)
at Testcase.thresholdQuoteTest.quote(thresholdQuoteTest.java:93)
... Removed 25 stack frames]]>
    </failure>
  </testcase> <!-- quote -->
  <testcase name="quote" time="69.575" classname="Testcase.thresholdQuoteTest">
    <failure type="java.sql.SQLException" message="Exhausted Resultset">
      <![CDATA[java.sql.SQLException: Exhausted Resultset
at oracle.jdbc.driver.OracleResultSetImpl.getString(OracleResultSetImpl.java:1270)
at oracle.jdbc.driver.OracleResultSet.getString(OracleResultSet.java:498)
at Testcase.thresholdQuoteTest.quote(thresholdQuoteTest.java:93)
... Removed 25 stack frames]]>
    </failure>
  </testcase> <!-- quote -->
  <testcase name="quote" time="69.23" classname="Testcase.thresholdQuoteTest">
    <failure type="java.sql.SQLException" message="Exhausted Resultset">
      <![CDATA[java.sql.SQLException: Exhausted Resultset
at oracle.jdbc.driver.OracleResultSetImpl.getString(OracleResultSetImpl.java:1270)
at oracle.jdbc.driver.OracleResultSet.getString(OracleResultSet.java:498)
at Testcase.thresholdQuoteTest.quote(thresholdQuoteTest.java:93)
... Removed 25 stack frames]]>
    </failure>
  </testcase> <!-- quote -->
  <testcase name="quote" time="70.421" classname="Testcase.thresholdQuoteTest">
    <failure type="java.sql.SQLException" message="Exhausted Resultset">
      <![CDATA[java.sql.SQLException: Exhausted Resultset
at oracle.jdbc.driver.OracleResultSetImpl.getString(OracleResultSetImpl.java:1270)
at oracle.jdbc.driver.OracleResultSet.getString(OracleResultSet.java:498)
at Testcase.thresholdQuoteTest.quote(thresholdQuoteTest.java:93)
... Removed 25 stack frames]]>
    </failure>
  </testcase> <!-- quote -->
  <testcase name="quote" time="70.428" classname="Testcase.thresholdQuoteTest">
    <failure type="java.sql.SQLException" message="Exhausted Resultset">
      <![CDATA[java.sql.SQLException: Exhausted Resultset
at oracle.jdbc.driver.OracleResultSetImpl.getString(OracleResultSetImpl.java:1270)
at oracle.jdbc.driver.OracleResultSet.getString(OracleResultSet.java:498)
at Testcase.thresholdQuoteTest.quote(thresholdQuoteTest.java:93)
... Removed 25 stack frames]]>
    </failure>
  </testcase> <!-- quote -->
  <testcase name="quote" time="69.473" classname="Testcase.thresholdQuoteTest">
    <failure type="java.sql.SQLException" message="Exhausted Resultset">
      <![CDATA[java.sql.SQLException: Exhausted Resultset
at oracle.jdbc.driver.OracleResultSetImpl.getString(OracleResultSetImpl.java:1270)
at oracle.jdbc.driver.OracleResultSet.getString(OracleResultSet.java:498)
at Testcase.thresholdQuoteTest.quote(thresholdQuoteTest.java:93)
... Removed 25 stack frames]]>
    </failure>
  </testcase> <!-- quote -->
  <testcase name="quote" time="70.976" classname="Testcase.thresholdQuoteTest">
    <failure type="java.sql.SQLException" message="Exhausted Resultset">
      <![CDATA[java.sql.SQLException: Exhausted Resultset
at oracle.jdbc.driver.OracleResultSetImpl.getString(OracleResultSetImpl.java:1270)
at oracle.jdbc.driver.OracleResultSet.getString(OracleResultSet.java:498)
at Testcase.thresholdQuoteTest.quote(thresholdQuoteTest.java:93)
... Removed 25 stack frames]]>
    </failure>
  </testcase> <!-- quote -->
  <testcase name="quote" time="70.452" classname="Testcase.thresholdQuoteTest">
    <failure type="java.sql.SQLException" message="Exhausted Resultset">
      <![CDATA[java.sql.SQLException: Exhausted Resultset
at oracle.jdbc.driver.OracleResultSetImpl.getString(OracleResultSetImpl.java:1270)
at oracle.jdbc.driver.OracleResultSet.getString(OracleResultSet.java:498)
at Testcase.thresholdQuoteTest.quote(thresholdQuoteTest.java:93)
... Removed 25 stack frames]]>
    </failure>
  </testcase> <!-- quote -->
  <testcase name="quote" time="65.456" classname="Testcase.thresholdQuoteTest">
    <failure type="org.openqa.selenium.WebDriverException" message="chrome not reachable
  (Session info: chrome=76.0.3809.132)
  (Driver info: chromedriver=2.40.565498 (ea082db3280dd6843ebfb08a625e3eb905c4f5ab),platform=Windows NT 10.0.17763 x86_64) (WARNING: The server did not provide any stacktrace information)
Command duration or timeout: 0 milliseconds
Build info: version: &amp;apos;3.14.0&amp;apos;, revision: &amp;apos;aacccce0&amp;apos;, time: &amp;apos;2018-08-02T20:19:58.91Z&amp;apos;
System info: host: &amp;apos;INDSNOIB9X0P12&amp;apos;, ip: &amp;apos;172.20.16.53&amp;apos;, os.name: &amp;apos;Windows 10&amp;apos;, os.arch: &amp;apos;amd64&amp;apos;, os.version: &amp;apos;10.0&amp;apos;, java.version: &amp;apos;1.8.0_201&amp;apos;
Driver info: org.openqa.selenium.chrome.ChromeDriver
Capabilities {acceptInsecureCerts: false, acceptSslCerts: false, applicationCacheEnabled: false, browserConnectionEnabled: false, browserName: chrome, chrome: {chromedriverVersion: 2.40.565498 (ea082db3280dd6..., userDataDir: C:\Users\124859\AppData\Loc...}, cssSelectorsEnabled: true, databaseEnabled: false, handlesAlerts: true, hasTouchScreen: false, javascriptEnabled: true, locationContextEnabled: true, mobileEmulationEnabled: false, nativeEvents: true, networkConnectionEnabled: false, pageLoadStrategy: normal, platform: XP, platformName: XP, rotatable: false, setWindowRect: true, takesHeapSnapshot: true, takesScreenshot: true, unexpectedAlertBehaviour: , unhandledPromptBehavior: , version: 76.0.3809.132, webStorageEnabled: true}
Session ID: 36b6ab636d6757e289a99032a51e2e11
*** Element info: {Using=xpath, value=//*[@name=&amp;quot;Refresh&amp;quot;]}">
      <![CDATA[org.openqa.selenium.WebDriverException: chrome not reachable
  (Session info: chrome=76.0.3809.132)
  (Driver info: chromedriver=2.40.565498 (ea082db3280dd6843ebfb08a625e3eb905c4f5ab),platform=Windows NT 10.0.17763 x86_64) (WARNING: The server did not provide any stacktrace information)
Command duration or timeout: 0 milliseconds
Build info: version: '3.14.0', revision: 'aacccce0', time: '2018-08-02T20:19:58.91Z'
System info: host: 'INDSNOIB9X0P12', ip: '172.20.16.53', os.name: 'Windows 10', os.arch: 'amd64', os.version: '10.0', java.version: '1.8.0_201'
Driver info: org.openqa.selenium.chrome.ChromeDriver
Capabilities {acceptInsecureCerts: false, acceptSslCerts: false, applicationCacheEnabled: false, browserConnectionEnabled: false, browserName: chrome, chrome: {chromedriverVersion: 2.40.565498 (ea082db3280dd6..., userDataDir: C:\Users\124859\AppData\Loc...}, cssSelectorsEnabled: true, databaseEnabled: false, handlesAlerts: true, hasTouchScreen: false, javascriptEnabled: true, locationContextEnabled: true, mobileEmulationEnabled: false, nativeEvents: true, networkConnectionEnabled: false, pageLoadStrategy: normal, platform: XP, platformName: XP, rotatable: false, setWindowRect: true, takesHeapSnapshot: true, takesScreenshot: true, unexpectedAlertBehaviour: , unhandledPromptBehavior: , version: 76.0.3809.132, webStorageEnabled: true}
Session ID: 36b6ab636d6757e289a99032a51e2e11
*** Element info: {Using=xpath, value=//*[@name="Refresh"]}
at org.openqa.selenium.remote.ErrorHandler.createThrowable(ErrorHandler.java:214)
at org.openqa.selenium.remote.ErrorHandler.throwIfResponseFailed(ErrorHandler.java:166)
at org.openqa.selenium.remote.http.JsonHttpResponseCodec.reconstructValue(JsonHttpResponseCodec.java:40)
at org.openqa.selenium.remote.http.AbstractHttpResponseCodec.decode(AbstractHttpResponseCodec.java:80)
at org.openqa.selenium.remote.http.AbstractHttpResponseCodec.decode(AbstractHttpResponseCodec.java:44)
at org.openqa.selenium.remote.HttpCommandExecutor.execute(HttpCommandExecutor.java:158)
at org.openqa.selenium.remote.service.DriverCommandExecutor.execute(DriverCommandExecutor.java:83)
at org.openqa.selenium.remote.RemoteWebDriver.execute(RemoteWebDriver.java:548)
at org.openqa.selenium.remote.RemoteWebDriver.findElement(RemoteWebDriver.java:322)
at org.openqa.selenium.remote.RemoteWebDriver.findElementByXPath(RemoteWebDriver.java:424)
at org.openqa.selenium.By$ByXPath.findElement(By.java:353)
at org.openqa.selenium.remote.RemoteWebDriver.findElement(RemoteWebDriver.java:314)
at baseclass.BaseTest1.click(BaseTest1.java:156)
at Testcase.thresholdQuoteTest.quote(thresholdQuoteTest.java:65)
... Removed 29 stack frames]]>
    </failure>
  </testcase> <!-- quote -->
  <testcase name="quote" time="864.097" classname="Testcase.thresholdQuoteTest">
    <failure type="org.openqa.selenium.WebDriverException" message="chrome not reachable
  (Session info: chrome=76.0.3809.132)
  (Driver info: chromedriver=2.40.565498 (ea082db3280dd6843ebfb08a625e3eb905c4f5ab),platform=Windows NT 10.0.17763 x86_64) (WARNING: The server did not provide any stacktrace information)
Command duration or timeout: 0 milliseconds
Build info: version: &amp;apos;3.14.0&amp;apos;, revision: &amp;apos;aacccce0&amp;apos;, time: &amp;apos;2018-08-02T20:19:58.91Z&amp;apos;
System info: host: &amp;apos;INDSNOIB9X0P12&amp;apos;, ip: &amp;apos;172.20.16.53&amp;apos;, os.name: &amp;apos;Windows 10&amp;apos;, os.arch: &amp;apos;amd64&amp;apos;, os.version: &amp;apos;10.0&amp;apos;, java.version: &amp;apos;1.8.0_201&amp;apos;
Driver info: org.openqa.selenium.chrome.ChromeDriver
Capabilities {acceptInsecureCerts: false, acceptSslCerts: false, applicationCacheEnabled: false, browserConnectionEnabled: false, browserName: chrome, chrome: {chromedriverVersion: 2.40.565498 (ea082db3280dd6..., userDataDir: C:\Users\124859\AppData\Loc...}, cssSelectorsEnabled: true, databaseEnabled: false, handlesAlerts: true, hasTouchScreen: false, javascriptEnabled: true, locationContextEnabled: true, mobileEmulationEnabled: false, nativeEvents: true, networkConnectionEnabled: false, pageLoadStrategy: normal, platform: XP, platformName: XP, rotatable: false, setWindowRect: true, takesHeapSnapshot: true, takesScreenshot: true, unexpectedAlertBehaviour: , unhandledPromptBehavior: , version: 76.0.3809.132, webStorageEnabled: true}
Session ID: 36b6ab636d6757e289a99032a51e2e11">
      <![CDATA[org.openqa.selenium.WebDriverException: chrome not reachable
  (Session info: chrome=76.0.3809.132)
  (Driver info: chromedriver=2.40.565498 (ea082db3280dd6843ebfb08a625e3eb905c4f5ab),platform=Windows NT 10.0.17763 x86_64) (WARNING: The server did not provide any stacktrace information)
Command duration or timeout: 0 milliseconds
Build info: version: '3.14.0', revision: 'aacccce0', time: '2018-08-02T20:19:58.91Z'
System info: host: 'INDSNOIB9X0P12', ip: '172.20.16.53', os.name: 'Windows 10', os.arch: 'amd64', os.version: '10.0', java.version: '1.8.0_201'
Driver info: org.openqa.selenium.chrome.ChromeDriver
Capabilities {acceptInsecureCerts: false, acceptSslCerts: false, applicationCacheEnabled: false, browserConnectionEnabled: false, browserName: chrome, chrome: {chromedriverVersion: 2.40.565498 (ea082db3280dd6..., userDataDir: C:\Users\124859\AppData\Loc...}, cssSelectorsEnabled: true, databaseEnabled: false, handlesAlerts: true, hasTouchScreen: false, javascriptEnabled: true, locationContextEnabled: true, mobileEmulationEnabled: false, nativeEvents: true, networkConnectionEnabled: false, pageLoadStrategy: normal, platform: XP, platformName: XP, rotatable: false, setWindowRect: true, takesHeapSnapshot: true, takesScreenshot: true, unexpectedAlertBehaviour: , unhandledPromptBehavior: , version: 76.0.3809.132, webStorageEnabled: true}
Session ID: 36b6ab636d6757e289a99032a51e2e11
at org.openqa.selenium.remote.ErrorHandler.createThrowable(ErrorHandler.java:214)
at org.openqa.selenium.remote.ErrorHandler.throwIfResponseFailed(ErrorHandler.java:166)
at org.openqa.selenium.remote.http.JsonHttpResponseCodec.reconstructValue(JsonHttpResponseCodec.java:40)
at org.openqa.selenium.remote.http.AbstractHttpResponseCodec.decode(AbstractHttpResponseCodec.java:80)
at org.openqa.selenium.remote.http.AbstractHttpResponseCodec.decode(AbstractHttpResponseCodec.java:44)
at org.openqa.selenium.remote.HttpCommandExecutor.execute(HttpCommandExecutor.java:158)
at org.openqa.selenium.remote.service.DriverCommandExecutor.execute(DriverCommandExecutor.java:83)
at org.openqa.selenium.remote.RemoteWebDriver.execute(RemoteWebDriver.java:548)
at org.openqa.selenium.remote.RemoteWebDriver.execute(RemoteWebDriver.java:605)
at org.openqa.selenium.remote.RemoteWebDriver.getScreenshotAs(RemoteWebDriver.java:294)
at utilities.TestUtil.captureScreenshot(TestUtil.java:22)
at listeners.CustomListeners.onTestFailure(CustomListeners.java:33)
... Removed 26 stack frames]]>
    </failure>
  </testcase> <!-- quote -->
</testsuite> <!-- Threshold Test -->
