<html>
<head>
<title>TestNG:  Threshold Test</title>
<link href="../testng.css" rel="stylesheet" type="text/css" />
<link href="../my-testng.css" rel="stylesheet" type="text/css" />

<style type="text/css">
.log { display: none;} 
.stack-trace { display: none;} 
</style>
<script type="text/javascript">
<!--
function flip(e) {
  current = e.style.display;
  if (current == 'block') {
    e.style.display = 'none';
    return 0;
  }
  else {
    e.style.display = 'block';
    return 1;
  }
}

function toggleBox(szDivId, elem, msg1, msg2)
{
  var res = -1;  if (document.getElementById) {
    res = flip(document.getElementById(szDivId));
  }
  else if (document.all) {
    // this is the way old msie versions work
    res = flip(document.all[szDivId]);
  }
  if(elem) {
    if(res == 0) elem.innerHTML = msg1; else elem.innerHTML = msg2;
  }

}

function toggleAllBoxes() {
  if (document.getElementsByTagName) {
    d = document.getElementsByTagName('div');
    for (i = 0; i < d.length; i++) {
      if (d[i].className == 'log') {
        flip(d[i]);
      }
    }
  }
}

// -->
</script>

</head>
<body>
<h2 align='center'>Threshold Test</h2><table border='1' align="center">
<tr>
<td>Tests passed/Failed/Skipped:</td><td>0/11/0</td>
</tr><tr>
<td>Started on:</td><td>Tue Sep 10 12:17:52 IST 2019</td>
</tr>
<tr><td>Total time:</td><td>870 seconds (870267 ms)</td>
</tr><tr>
<td>Included groups:</td><td></td>
</tr><tr>
<td>Excluded groups:</td><td></td>
</tr>
</table><p/>
<small><i>(Hover the method name to see the test class name)</i></small><p/>
<table width='100%' border='1' class='invocation-failed'>
<tr><td colspan='4' align='center'><b>FAILED TESTS</b></td></tr>
<tr><td><b>Test method</b></td>
<td width="30%"><b>Exception</b></td>
<td width="10%"><b>Time (seconds)</b></td>
<td><b>Instance</b></td>
</tr>
<tr>
<td title='Testcase.thresholdQuoteTest.quote()'><b>quote</b><br>Test class: Testcase.thresholdQuoteTest<br>Parameters: 700019090955-H, 01/2020<br/>
<a href="#Output-1238784191" onClick='toggleBox("Output-1238784191", this, "Show output", "Hide output");'>Show output</a>

<a href="#Output-1238784191" onClick="toggleAllBoxes();">Show all outputs</a>
<div class='log' id="Output-1238784191">
<a target="_blank" href=Tue_Sep_10_12_19_07_IST_2019.jpg>Screenshot link</a><br/>
<br><br/>
<a target="_blank" href=Tue_Sep_10_12_19_07_IST_2019.jpg><img src=Tue_Sep_10_12_19_07_IST_2019.jpg height=200 width=200></a><br/>
</div>
</td>
<td><div><pre>java.sql.SQLException: Exhausted Resultset
	at oracle.jdbc.driver.OracleResultSetImpl.getString(OracleResultSetImpl.java:1270)
	at oracle.jdbc.driver.OracleResultSet.getString(OracleResultSet.java:498)
	at Testcase.thresholdQuoteTest.quote(thresholdQuoteTest.java:93)
... Removed 25 stack frames</pre></div><a href='#' onClick='toggleBox("stack-trace1238784191", this, "Click to show all stack frames", "Click to hide stack frames")'>Click to show all stack frames</a>
<div class='stack-trace' id='stack-trace1238784191'><pre>java.sql.SQLException: Exhausted Resultset
	at oracle.jdbc.driver.OracleResultSetImpl.getString(OracleResultSetImpl.java:1270)
	at oracle.jdbc.driver.OracleResultSet.getString(OracleResultSet.java:498)
	at Testcase.thresholdQuoteTest.quote(thresholdQuoteTest.java:93)
	at sun.reflect.NativeMethodAccessorImpl.invoke0(Native Method)
	at sun.reflect.NativeMethodAccessorImpl.invoke(Unknown Source)
	at sun.reflect.DelegatingMethodAccessorImpl.invoke(Unknown Source)
	at java.lang.reflect.Method.invoke(Unknown Source)
	at org.testng.internal.MethodInvocationHelper.invokeMethod(MethodInvocationHelper.java:124)
	at org.testng.internal.Invoker.invokeMethod(Invoker.java:583)
	at org.testng.internal.Invoker.invokeTestMethod(Invoker.java:719)
	at org.testng.internal.Invoker.invokeTestMethods(Invoker.java:989)
	at org.testng.internal.TestMethodWorker.invokeTestMethods(TestMethodWorker.java:125)
	at org.testng.internal.TestMethodWorker.run(TestMethodWorker.java:109)
	at org.testng.TestRunner.privateRun(TestRunner.java:648)
	at org.testng.TestRunner.run(TestRunner.java:505)
	at org.testng.SuiteRunner.runTest(SuiteRunner.java:455)
	at org.testng.SuiteRunner.runSequentially(SuiteRunner.java:450)
	at org.testng.SuiteRunner.privateRun(SuiteRunner.java:415)
	at org.testng.SuiteRunner.run(SuiteRunner.java:364)
	at org.testng.SuiteRunnerWorker.runSuite(SuiteRunnerWorker.java:52)
	at org.testng.SuiteRunnerWorker.run(SuiteRunnerWorker.java:84)
	at org.testng.TestNG.runSuitesSequentially(TestNG.java:1208)
	at org.testng.TestNG.runSuitesLocally(TestNG.java:1137)
	at org.testng.TestNG.runSuites(TestNG.java:1049)
	at org.testng.TestNG.run(TestNG.java:1017)
	at org.testng.remote.AbstractRemoteTestNG.run(AbstractRemoteTestNG.java:114)
	at org.testng.remote.RemoteTestNG.initAndRun(RemoteTestNG.java:251)
	at org.testng.remote.RemoteTestNG.main(RemoteTestNG.java:77)
</pre></div></td>
<td>74</td>
<td>Testcase.thresholdQuoteTest@1018bde2</td></tr>
<tr>
<td title='Testcase.thresholdQuoteTest.quote()'><b>quote</b><br>Test class: Testcase.thresholdQuoteTest<br>Parameters: 700019090956-H, 01/2020<br/>
<a href="#Output-654730210" onClick='toggleBox("Output-654730210", this, "Show output", "Hide output");'>Show output</a>

<a href="#Output-654730210" onClick="toggleAllBoxes();">Show all outputs</a>
<div class='log' id="Output-654730210">
<a target="_blank" href=Tue_Sep_10_12_20_31_IST_2019.jpg>Screenshot link</a><br/>
<br><br/>
<a target="_blank" href=Tue_Sep_10_12_20_31_IST_2019.jpg><img src=Tue_Sep_10_12_20_31_IST_2019.jpg height=200 width=200></a><br/>
</div>
</td>
<td><div><pre>java.sql.SQLException: Exhausted Resultset
	at oracle.jdbc.driver.OracleResultSetImpl.getString(OracleResultSetImpl.java:1270)
	at oracle.jdbc.driver.OracleResultSet.getString(OracleResultSet.java:498)
	at Testcase.thresholdQuoteTest.quote(thresholdQuoteTest.java:93)
... Removed 25 stack frames</pre></div><a href='#' onClick='toggleBox("stack-trace654730210", this, "Click to show all stack frames", "Click to hide stack frames")'>Click to show all stack frames</a>
<div class='stack-trace' id='stack-trace654730210'><pre>java.sql.SQLException: Exhausted Resultset
	at oracle.jdbc.driver.OracleResultSetImpl.getString(OracleResultSetImpl.java:1270)
	at oracle.jdbc.driver.OracleResultSet.getString(OracleResultSet.java:498)
	at Testcase.thresholdQuoteTest.quote(thresholdQuoteTest.java:93)
	at sun.reflect.NativeMethodAccessorImpl.invoke0(Native Method)
	at sun.reflect.NativeMethodAccessorImpl.invoke(Unknown Source)
	at sun.reflect.DelegatingMethodAccessorImpl.invoke(Unknown Source)
	at java.lang.reflect.Method.invoke(Unknown Source)
	at org.testng.internal.MethodInvocationHelper.invokeMethod(MethodInvocationHelper.java:124)
	at org.testng.internal.Invoker.invokeMethod(Invoker.java:583)
	at org.testng.internal.Invoker.invokeTestMethod(Invoker.java:719)
	at org.testng.internal.Invoker.invokeTestMethods(Invoker.java:989)
	at org.testng.internal.TestMethodWorker.invokeTestMethods(TestMethodWorker.java:125)
	at org.testng.internal.TestMethodWorker.run(TestMethodWorker.java:109)
	at org.testng.TestRunner.privateRun(TestRunner.java:648)
	at org.testng.TestRunner.run(TestRunner.java:505)
	at org.testng.SuiteRunner.runTest(SuiteRunner.java:455)
	at org.testng.SuiteRunner.runSequentially(SuiteRunner.java:450)
	at org.testng.SuiteRunner.privateRun(SuiteRunner.java:415)
	at org.testng.SuiteRunner.run(SuiteRunner.java:364)
	at org.testng.SuiteRunnerWorker.runSuite(SuiteRunnerWorker.java:52)
	at org.testng.SuiteRunnerWorker.run(SuiteRunnerWorker.java:84)
	at org.testng.TestNG.runSuitesSequentially(TestNG.java:1208)
	at org.testng.TestNG.runSuitesLocally(TestNG.java:1137)
	at org.testng.TestNG.runSuites(TestNG.java:1049)
	at org.testng.TestNG.run(TestNG.java:1017)
	at org.testng.remote.AbstractRemoteTestNG.run(AbstractRemoteTestNG.java:114)
	at org.testng.remote.RemoteTestNG.initAndRun(RemoteTestNG.java:251)
	at org.testng.remote.RemoteTestNG.main(RemoteTestNG.java:77)
</pre></div></td>
<td>83</td>
<td>Testcase.thresholdQuoteTest@1018bde2</td></tr>
<tr>
<td title='Testcase.thresholdQuoteTest.quote()'><b>quote</b><br>Test class: Testcase.thresholdQuoteTest<br>Parameters: 700019090957-H, 01/2020<br/>
<a href="#Output-2126446074" onClick='toggleBox("Output-2126446074", this, "Show output", "Hide output");'>Show output</a>

<a href="#Output-2126446074" onClick="toggleAllBoxes();">Show all outputs</a>
<div class='log' id="Output-2126446074">
<a target="_blank" href=Tue_Sep_10_12_21_40_IST_2019.jpg>Screenshot link</a><br/>
<br><br/>
<a target="_blank" href=Tue_Sep_10_12_21_40_IST_2019.jpg><img src=Tue_Sep_10_12_21_40_IST_2019.jpg height=200 width=200></a><br/>
</div>
</td>
<td><div><pre>java.sql.SQLException: Exhausted Resultset
	at oracle.jdbc.driver.OracleResultSetImpl.getString(OracleResultSetImpl.java:1270)
	at oracle.jdbc.driver.OracleResultSet.getString(OracleResultSet.java:498)
	at Testcase.thresholdQuoteTest.quote(thresholdQuoteTest.java:93)
... Removed 25 stack frames</pre></div><a href='#' onClick='toggleBox("stack-trace2126446074", this, "Click to show all stack frames", "Click to hide stack frames")'>Click to show all stack frames</a>
<div class='stack-trace' id='stack-trace2126446074'><pre>java.sql.SQLException: Exhausted Resultset
	at oracle.jdbc.driver.OracleResultSetImpl.getString(OracleResultSetImpl.java:1270)
	at oracle.jdbc.driver.OracleResultSet.getString(OracleResultSet.java:498)
	at Testcase.thresholdQuoteTest.quote(thresholdQuoteTest.java:93)
	at sun.reflect.NativeMethodAccessorImpl.invoke0(Native Method)
	at sun.reflect.NativeMethodAccessorImpl.invoke(Unknown Source)
	at sun.reflect.DelegatingMethodAccessorImpl.invoke(Unknown Source)
	at java.lang.reflect.Method.invoke(Unknown Source)
	at org.testng.internal.MethodInvocationHelper.invokeMethod(MethodInvocationHelper.java:124)
	at org.testng.internal.Invoker.invokeMethod(Invoker.java:583)
	at org.testng.internal.Invoker.invokeTestMethod(Invoker.java:719)
	at org.testng.internal.Invoker.invokeTestMethods(Invoker.java:989)
	at org.testng.internal.TestMethodWorker.invokeTestMethods(TestMethodWorker.java:125)
	at org.testng.internal.TestMethodWorker.run(TestMethodWorker.java:109)
	at org.testng.TestRunner.privateRun(TestRunner.java:648)
	at org.testng.TestRunner.run(TestRunner.java:505)
	at org.testng.SuiteRunner.runTest(SuiteRunner.java:455)
	at org.testng.SuiteRunner.runSequentially(SuiteRunner.java:450)
	at org.testng.SuiteRunner.privateRun(SuiteRunner.java:415)
	at org.testng.SuiteRunner.run(SuiteRunner.java:364)
	at org.testng.SuiteRunnerWorker.runSuite(SuiteRunnerWorker.java:52)
	at org.testng.SuiteRunnerWorker.run(SuiteRunnerWorker.java:84)
	at org.testng.TestNG.runSuitesSequentially(TestNG.java:1208)
	at org.testng.TestNG.runSuitesLocally(TestNG.java:1137)
	at org.testng.TestNG.runSuites(TestNG.java:1049)
	at org.testng.TestNG.run(TestNG.java:1017)
	at org.testng.remote.AbstractRemoteTestNG.run(AbstractRemoteTestNG.java:114)
	at org.testng.remote.RemoteTestNG.initAndRun(RemoteTestNG.java:251)
	at org.testng.remote.RemoteTestNG.main(RemoteTestNG.java:77)
</pre></div></td>
<td>68</td>
<td>Testcase.thresholdQuoteTest@1018bde2</td></tr>
<tr>
<td title='Testcase.thresholdQuoteTest.quote()'><b>quote</b><br>Test class: Testcase.thresholdQuoteTest<br>Parameters: 700019090958-H, 01/2020<br/>
<a href="#Output-73922942" onClick='toggleBox("Output-73922942", this, "Show output", "Hide output");'>Show output</a>

<a href="#Output-73922942" onClick="toggleAllBoxes();">Show all outputs</a>
<div class='log' id="Output-73922942">
<a target="_blank" href=Tue_Sep_10_12_22_51_IST_2019.jpg>Screenshot link</a><br/>
<br><br/>
<a target="_blank" href=Tue_Sep_10_12_22_51_IST_2019.jpg><img src=Tue_Sep_10_12_22_51_IST_2019.jpg height=200 width=200></a><br/>
</div>
</td>
<td><div><pre>java.sql.SQLException: Exhausted Resultset
	at oracle.jdbc.driver.OracleResultSetImpl.getString(OracleResultSetImpl.java:1270)
	at oracle.jdbc.driver.OracleResultSet.getString(OracleResultSet.java:498)
	at Testcase.thresholdQuoteTest.quote(thresholdQuoteTest.java:93)
... Removed 25 stack frames</pre></div><a href='#' onClick='toggleBox("stack-trace73922942", this, "Click to show all stack frames", "Click to hide stack frames")'>Click to show all stack frames</a>
<div class='stack-trace' id='stack-trace73922942'><pre>java.sql.SQLException: Exhausted Resultset
	at oracle.jdbc.driver.OracleResultSetImpl.getString(OracleResultSetImpl.java:1270)
	at oracle.jdbc.driver.OracleResultSet.getString(OracleResultSet.java:498)
	at Testcase.thresholdQuoteTest.quote(thresholdQuoteTest.java:93)
	at sun.reflect.NativeMethodAccessorImpl.invoke0(Native Method)
	at sun.reflect.NativeMethodAccessorImpl.invoke(Unknown Source)
	at sun.reflect.DelegatingMethodAccessorImpl.invoke(Unknown Source)
	at java.lang.reflect.Method.invoke(Unknown Source)
	at org.testng.internal.MethodInvocationHelper.invokeMethod(MethodInvocationHelper.java:124)
	at org.testng.internal.Invoker.invokeMethod(Invoker.java:583)
	at org.testng.internal.Invoker.invokeTestMethod(Invoker.java:719)
	at org.testng.internal.Invoker.invokeTestMethods(Invoker.java:989)
	at org.testng.internal.TestMethodWorker.invokeTestMethods(TestMethodWorker.java:125)
	at org.testng.internal.TestMethodWorker.run(TestMethodWorker.java:109)
	at org.testng.TestRunner.privateRun(TestRunner.java:648)
	at org.testng.TestRunner.run(TestRunner.java:505)
	at org.testng.SuiteRunner.runTest(SuiteRunner.java:455)
	at org.testng.SuiteRunner.runSequentially(SuiteRunner.java:450)
	at org.testng.SuiteRunner.privateRun(SuiteRunner.java:415)
	at org.testng.SuiteRunner.run(SuiteRunner.java:364)
	at org.testng.SuiteRunnerWorker.runSuite(SuiteRunnerWorker.java:52)
	at org.testng.SuiteRunnerWorker.run(SuiteRunnerWorker.java:84)
	at org.testng.TestNG.runSuitesSequentially(TestNG.java:1208)
	at org.testng.TestNG.runSuitesLocally(TestNG.java:1137)
	at org.testng.TestNG.runSuites(TestNG.java:1049)
	at org.testng.TestNG.run(TestNG.java:1017)
	at org.testng.remote.AbstractRemoteTestNG.run(AbstractRemoteTestNG.java:114)
	at org.testng.remote.RemoteTestNG.initAndRun(RemoteTestNG.java:251)
	at org.testng.remote.RemoteTestNG.main(RemoteTestNG.java:77)
</pre></div></td>
<td>70</td>
<td>Testcase.thresholdQuoteTest@1018bde2</td></tr>
<tr>
<td title='Testcase.thresholdQuoteTest.quote()'><b>quote</b><br>Test class: Testcase.thresholdQuoteTest<br>Parameters: 700019090959-H, 01/2020<br/>
<a href="#Output-713987035" onClick='toggleBox("Output-713987035", this, "Show output", "Hide output");'>Show output</a>

<a href="#Output-713987035" onClick="toggleAllBoxes();">Show all outputs</a>
<div class='log' id="Output-713987035">
<a target="_blank" href=Tue_Sep_10_12_24_01_IST_2019.jpg>Screenshot link</a><br/>
<br><br/>
<a target="_blank" href=Tue_Sep_10_12_24_01_IST_2019.jpg><img src=Tue_Sep_10_12_24_01_IST_2019.jpg height=200 width=200></a><br/>
</div>
</td>
<td><div><pre>java.sql.SQLException: Exhausted Resultset
	at oracle.jdbc.driver.OracleResultSetImpl.getString(OracleResultSetImpl.java:1270)
	at oracle.jdbc.driver.OracleResultSet.getString(OracleResultSet.java:498)
	at Testcase.thresholdQuoteTest.quote(thresholdQuoteTest.java:93)
... Removed 25 stack frames</pre></div><a href='#' onClick='toggleBox("stack-trace713987035", this, "Click to show all stack frames", "Click to hide stack frames")'>Click to show all stack frames</a>
<div class='stack-trace' id='stack-trace713987035'><pre>java.sql.SQLException: Exhausted Resultset
	at oracle.jdbc.driver.OracleResultSetImpl.getString(OracleResultSetImpl.java:1270)
	at oracle.jdbc.driver.OracleResultSet.getString(OracleResultSet.java:498)
	at Testcase.thresholdQuoteTest.quote(thresholdQuoteTest.java:93)
	at sun.reflect.NativeMethodAccessorImpl.invoke0(Native Method)
	at sun.reflect.NativeMethodAccessorImpl.invoke(Unknown Source)
	at sun.reflect.DelegatingMethodAccessorImpl.invoke(Unknown Source)
	at java.lang.reflect.Method.invoke(Unknown Source)
	at org.testng.internal.MethodInvocationHelper.invokeMethod(MethodInvocationHelper.java:124)
	at org.testng.internal.Invoker.invokeMethod(Invoker.java:583)
	at org.testng.internal.Invoker.invokeTestMethod(Invoker.java:719)
	at org.testng.internal.Invoker.invokeTestMethods(Invoker.java:989)
	at org.testng.internal.TestMethodWorker.invokeTestMethods(TestMethodWorker.java:125)
	at org.testng.internal.TestMethodWorker.run(TestMethodWorker.java:109)
	at org.testng.TestRunner.privateRun(TestRunner.java:648)
	at org.testng.TestRunner.run(TestRunner.java:505)
	at org.testng.SuiteRunner.runTest(SuiteRunner.java:455)
	at org.testng.SuiteRunner.runSequentially(SuiteRunner.java:450)
	at org.testng.SuiteRunner.privateRun(SuiteRunner.java:415)
	at org.testng.SuiteRunner.run(SuiteRunner.java:364)
	at org.testng.SuiteRunnerWorker.runSuite(SuiteRunnerWorker.java:52)
	at org.testng.SuiteRunnerWorker.run(SuiteRunnerWorker.java:84)
	at org.testng.TestNG.runSuitesSequentially(TestNG.java:1208)
	at org.testng.TestNG.runSuitesLocally(TestNG.java:1137)
	at org.testng.TestNG.runSuites(TestNG.java:1049)
	at org.testng.TestNG.run(TestNG.java:1017)
	at org.testng.remote.AbstractRemoteTestNG.run(AbstractRemoteTestNG.java:114)
	at org.testng.remote.RemoteTestNG.initAndRun(RemoteTestNG.java:251)
	at org.testng.remote.RemoteTestNG.main(RemoteTestNG.java:77)
</pre></div></td>
<td>69</td>
<td>Testcase.thresholdQuoteTest@1018bde2</td></tr>
<tr>
<td title='Testcase.thresholdQuoteTest.quote()'><b>quote</b><br>Test class: Testcase.thresholdQuoteTest<br>Parameters: 700019090960-H, 01/2020<br/>
<a href="#Output-2036265480" onClick='toggleBox("Output-2036265480", this, "Show output", "Hide output");'>Show output</a>

<a href="#Output-2036265480" onClick="toggleAllBoxes();">Show all outputs</a>
<div class='log' id="Output-2036265480">
<a target="_blank" href=Tue_Sep_10_12_25_11_IST_2019.jpg>Screenshot link</a><br/>
<br><br/>
<a target="_blank" href=Tue_Sep_10_12_25_11_IST_2019.jpg><img src=Tue_Sep_10_12_25_11_IST_2019.jpg height=200 width=200></a><br/>
</div>
</td>
<td><div><pre>java.sql.SQLException: Exhausted Resultset
	at oracle.jdbc.driver.OracleResultSetImpl.getString(OracleResultSetImpl.java:1270)
	at oracle.jdbc.driver.OracleResultSet.getString(OracleResultSet.java:498)
	at Testcase.thresholdQuoteTest.quote(thresholdQuoteTest.java:93)
... Removed 25 stack frames</pre></div><a href='#' onClick='toggleBox("stack-trace2036265480", this, "Click to show all stack frames", "Click to hide stack frames")'>Click to show all stack frames</a>
<div class='stack-trace' id='stack-trace2036265480'><pre>java.sql.SQLException: Exhausted Resultset
	at oracle.jdbc.driver.OracleResultSetImpl.getString(OracleResultSetImpl.java:1270)
	at oracle.jdbc.driver.OracleResultSet.getString(OracleResultSet.java:498)
	at Testcase.thresholdQuoteTest.quote(thresholdQuoteTest.java:93)
	at sun.reflect.NativeMethodAccessorImpl.invoke0(Native Method)
	at sun.reflect.NativeMethodAccessorImpl.invoke(Unknown Source)
	at sun.reflect.DelegatingMethodAccessorImpl.invoke(Unknown Source)
	at java.lang.reflect.Method.invoke(Unknown Source)
	at org.testng.internal.MethodInvocationHelper.invokeMethod(MethodInvocationHelper.java:124)
	at org.testng.internal.Invoker.invokeMethod(Invoker.java:583)
	at org.testng.internal.Invoker.invokeTestMethod(Invoker.java:719)
	at org.testng.internal.Invoker.invokeTestMethods(Invoker.java:989)
	at org.testng.internal.TestMethodWorker.invokeTestMethods(TestMethodWorker.java:125)
	at org.testng.internal.TestMethodWorker.run(TestMethodWorker.java:109)
	at org.testng.TestRunner.privateRun(TestRunner.java:648)
	at org.testng.TestRunner.run(TestRunner.java:505)
	at org.testng.SuiteRunner.runTest(SuiteRunner.java:455)
	at org.testng.SuiteRunner.runSequentially(SuiteRunner.java:450)
	at org.testng.SuiteRunner.privateRun(SuiteRunner.java:415)
	at org.testng.SuiteRunner.run(SuiteRunner.java:364)
	at org.testng.SuiteRunnerWorker.runSuite(SuiteRunnerWorker.java:52)
	at org.testng.SuiteRunnerWorker.run(SuiteRunnerWorker.java:84)
	at org.testng.TestNG.runSuitesSequentially(TestNG.java:1208)
	at org.testng.TestNG.runSuitesLocally(TestNG.java:1137)
	at org.testng.TestNG.runSuites(TestNG.java:1049)
	at org.testng.TestNG.run(TestNG.java:1017)
	at org.testng.remote.AbstractRemoteTestNG.run(AbstractRemoteTestNG.java:114)
	at org.testng.remote.RemoteTestNG.initAndRun(RemoteTestNG.java:251)
	at org.testng.remote.RemoteTestNG.main(RemoteTestNG.java:77)
</pre></div></td>
<td>69</td>
<td>Testcase.thresholdQuoteTest@1018bde2</td></tr>
<tr>
<td title='Testcase.thresholdQuoteTest.quote()'><b>quote</b><br>Test class: Testcase.thresholdQuoteTest<br>Parameters: 700019090961-H, 01/2020<br/>
<a href="#Output-522407477" onClick='toggleBox("Output-522407477", this, "Show output", "Hide output");'>Show output</a>

<a href="#Output-522407477" onClick="toggleAllBoxes();">Show all outputs</a>
<div class='log' id="Output-522407477">
<a target="_blank" href=Tue_Sep_10_12_26_22_IST_2019.jpg>Screenshot link</a><br/>
<br><br/>
<a target="_blank" href=Tue_Sep_10_12_26_22_IST_2019.jpg><img src=Tue_Sep_10_12_26_22_IST_2019.jpg height=200 width=200></a><br/>
</div>
</td>
<td><div><pre>java.sql.SQLException: Exhausted Resultset
	at oracle.jdbc.driver.OracleResultSetImpl.getString(OracleResultSetImpl.java:1270)
	at oracle.jdbc.driver.OracleResultSet.getString(OracleResultSet.java:498)
	at Testcase.thresholdQuoteTest.quote(thresholdQuoteTest.java:93)
... Removed 25 stack frames</pre></div><a href='#' onClick='toggleBox("stack-trace522407477", this, "Click to show all stack frames", "Click to hide stack frames")'>Click to show all stack frames</a>
<div class='stack-trace' id='stack-trace522407477'><pre>java.sql.SQLException: Exhausted Resultset
	at oracle.jdbc.driver.OracleResultSetImpl.getString(OracleResultSetImpl.java:1270)
	at oracle.jdbc.driver.OracleResultSet.getString(OracleResultSet.java:498)
	at Testcase.thresholdQuoteTest.quote(thresholdQuoteTest.java:93)
	at sun.reflect.NativeMethodAccessorImpl.invoke0(Native Method)
	at sun.reflect.NativeMethodAccessorImpl.invoke(Unknown Source)
	at sun.reflect.DelegatingMethodAccessorImpl.invoke(Unknown Source)
	at java.lang.reflect.Method.invoke(Unknown Source)
	at org.testng.internal.MethodInvocationHelper.invokeMethod(MethodInvocationHelper.java:124)
	at org.testng.internal.Invoker.invokeMethod(Invoker.java:583)
	at org.testng.internal.Invoker.invokeTestMethod(Invoker.java:719)
	at org.testng.internal.Invoker.invokeTestMethods(Invoker.java:989)
	at org.testng.internal.TestMethodWorker.invokeTestMethods(TestMethodWorker.java:125)
	at org.testng.internal.TestMethodWorker.run(TestMethodWorker.java:109)
	at org.testng.TestRunner.privateRun(TestRunner.java:648)
	at org.testng.TestRunner.run(TestRunner.java:505)
	at org.testng.SuiteRunner.runTest(SuiteRunner.java:455)
	at org.testng.SuiteRunner.runSequentially(SuiteRunner.java:450)
	at org.testng.SuiteRunner.privateRun(SuiteRunner.java:415)
	at org.testng.SuiteRunner.run(SuiteRunner.java:364)
	at org.testng.SuiteRunnerWorker.runSuite(SuiteRunnerWorker.java:52)
	at org.testng.SuiteRunnerWorker.run(SuiteRunnerWorker.java:84)
	at org.testng.TestNG.runSuitesSequentially(TestNG.java:1208)
	at org.testng.TestNG.runSuitesLocally(TestNG.java:1137)
	at org.testng.TestNG.runSuites(TestNG.java:1049)
	at org.testng.TestNG.run(TestNG.java:1017)
	at org.testng.remote.AbstractRemoteTestNG.run(AbstractRemoteTestNG.java:114)
	at org.testng.remote.RemoteTestNG.initAndRun(RemoteTestNG.java:251)
	at org.testng.remote.RemoteTestNG.main(RemoteTestNG.java:77)
</pre></div></td>
<td>70</td>
<td>Testcase.thresholdQuoteTest@1018bde2</td></tr>
<tr>
<td title='Testcase.thresholdQuoteTest.quote()'><b>quote</b><br>Test class: Testcase.thresholdQuoteTest<br>Parameters: 700019090962-H, 01/2020<br/>
<a href="#Output-1522513560" onClick='toggleBox("Output-1522513560", this, "Show output", "Hide output");'>Show output</a>

<a href="#Output-1522513560" onClick="toggleAllBoxes();">Show all outputs</a>
<div class='log' id="Output-1522513560">
<a target="_blank" href=Tue_Sep_10_12_27_32_IST_2019.jpg>Screenshot link</a><br/>
<br><br/>
<a target="_blank" href=Tue_Sep_10_12_27_32_IST_2019.jpg><img src=Tue_Sep_10_12_27_32_IST_2019.jpg height=200 width=200></a><br/>
</div>
</td>
<td><div><pre>java.sql.SQLException: Exhausted Resultset
	at oracle.jdbc.driver.OracleResultSetImpl.getString(OracleResultSetImpl.java:1270)
	at oracle.jdbc.driver.OracleResultSet.getString(OracleResultSet.java:498)
	at Testcase.thresholdQuoteTest.quote(thresholdQuoteTest.java:93)
... Removed 25 stack frames</pre></div><a href='#' onClick='toggleBox("stack-trace1522513560", this, "Click to show all stack frames", "Click to hide stack frames")'>Click to show all stack frames</a>
<div class='stack-trace' id='stack-trace1522513560'><pre>java.sql.SQLException: Exhausted Resultset
	at oracle.jdbc.driver.OracleResultSetImpl.getString(OracleResultSetImpl.java:1270)
	at oracle.jdbc.driver.OracleResultSet.getString(OracleResultSet.java:498)
	at Testcase.thresholdQuoteTest.quote(thresholdQuoteTest.java:93)
	at sun.reflect.NativeMethodAccessorImpl.invoke0(Native Method)
	at sun.reflect.NativeMethodAccessorImpl.invoke(Unknown Source)
	at sun.reflect.DelegatingMethodAccessorImpl.invoke(Unknown Source)
	at java.lang.reflect.Method.invoke(Unknown Source)
	at org.testng.internal.MethodInvocationHelper.invokeMethod(MethodInvocationHelper.java:124)
	at org.testng.internal.Invoker.invokeMethod(Invoker.java:583)
	at org.testng.internal.Invoker.invokeTestMethod(Invoker.java:719)
	at org.testng.internal.Invoker.invokeTestMethods(Invoker.java:989)
	at org.testng.internal.TestMethodWorker.invokeTestMethods(TestMethodWorker.java:125)
	at org.testng.internal.TestMethodWorker.run(TestMethodWorker.java:109)
	at org.testng.TestRunner.privateRun(TestRunner.java:648)
	at org.testng.TestRunner.run(TestRunner.java:505)
	at org.testng.SuiteRunner.runTest(SuiteRunner.java:455)
	at org.testng.SuiteRunner.runSequentially(SuiteRunner.java:450)
	at org.testng.SuiteRunner.privateRun(SuiteRunner.java:415)
	at org.testng.SuiteRunner.run(SuiteRunner.java:364)
	at org.testng.SuiteRunnerWorker.runSuite(SuiteRunnerWorker.java:52)
	at org.testng.SuiteRunnerWorker.run(SuiteRunnerWorker.java:84)
	at org.testng.TestNG.runSuitesSequentially(TestNG.java:1208)
	at org.testng.TestNG.runSuitesLocally(TestNG.java:1137)
	at org.testng.TestNG.runSuites(TestNG.java:1049)
	at org.testng.TestNG.run(TestNG.java:1017)
	at org.testng.remote.AbstractRemoteTestNG.run(AbstractRemoteTestNG.java:114)
	at org.testng.remote.RemoteTestNG.initAndRun(RemoteTestNG.java:251)
	at org.testng.remote.RemoteTestNG.main(RemoteTestNG.java:77)
</pre></div></td>
<td>70</td>
<td>Testcase.thresholdQuoteTest@1018bde2</td></tr>
<tr>
<td title='Testcase.thresholdQuoteTest.quote()'><b>quote</b><br>Test class: Testcase.thresholdQuoteTest<br>Parameters: 700019090963-H, 01/2020<br/>
<a href="#Output-158724937" onClick='toggleBox("Output-158724937", this, "Show output", "Hide output");'>Show output</a>

<a href="#Output-158724937" onClick="toggleAllBoxes();">Show all outputs</a>
<div class='log' id="Output-158724937">
<a target="_blank" href=Tue_Sep_10_12_28_42_IST_2019.jpg>Screenshot link</a><br/>
<br><br/>
<a target="_blank" href=Tue_Sep_10_12_28_42_IST_2019.jpg><img src=Tue_Sep_10_12_28_42_IST_2019.jpg height=200 width=200></a><br/>
</div>
</td>
<td><div><pre>java.sql.SQLException: Exhausted Resultset
	at oracle.jdbc.driver.OracleResultSetImpl.getString(OracleResultSetImpl.java:1270)
	at oracle.jdbc.driver.OracleResultSet.getString(OracleResultSet.java:498)
	at Testcase.thresholdQuoteTest.quote(thresholdQuoteTest.java:93)
... Removed 25 stack frames</pre></div><a href='#' onClick='toggleBox("stack-trace158724937", this, "Click to show all stack frames", "Click to hide stack frames")'>Click to show all stack frames</a>
<div class='stack-trace' id='stack-trace158724937'><pre>java.sql.SQLException: Exhausted Resultset
	at oracle.jdbc.driver.OracleResultSetImpl.getString(OracleResultSetImpl.java:1270)
	at oracle.jdbc.driver.OracleResultSet.getString(OracleResultSet.java:498)
	at Testcase.thresholdQuoteTest.quote(thresholdQuoteTest.java:93)
	at sun.reflect.NativeMethodAccessorImpl.invoke0(Native Method)
	at sun.reflect.NativeMethodAccessorImpl.invoke(Unknown Source)
	at sun.reflect.DelegatingMethodAccessorImpl.invoke(Unknown Source)
	at java.lang.reflect.Method.invoke(Unknown Source)
	at org.testng.internal.MethodInvocationHelper.invokeMethod(MethodInvocationHelper.java:124)
	at org.testng.internal.Invoker.invokeMethod(Invoker.java:583)
	at org.testng.internal.Invoker.invokeTestMethod(Invoker.java:719)
	at org.testng.internal.Invoker.invokeTestMethods(Invoker.java:989)
	at org.testng.internal.TestMethodWorker.invokeTestMethods(TestMethodWorker.java:125)
	at org.testng.internal.TestMethodWorker.run(TestMethodWorker.java:109)
	at org.testng.TestRunner.privateRun(TestRunner.java:648)
	at org.testng.TestRunner.run(TestRunner.java:505)
	at org.testng.SuiteRunner.runTest(SuiteRunner.java:455)
	at org.testng.SuiteRunner.runSequentially(SuiteRunner.java:450)
	at org.testng.SuiteRunner.privateRun(SuiteRunner.java:415)
	at org.testng.SuiteRunner.run(SuiteRunner.java:364)
	at org.testng.SuiteRunnerWorker.runSuite(SuiteRunnerWorker.java:52)
	at org.testng.SuiteRunnerWorker.run(SuiteRunnerWorker.java:84)
	at org.testng.TestNG.runSuitesSequentially(TestNG.java:1208)
	at org.testng.TestNG.runSuitesLocally(TestNG.java:1137)
	at org.testng.TestNG.runSuites(TestNG.java:1049)
	at org.testng.TestNG.run(TestNG.java:1017)
	at org.testng.remote.AbstractRemoteTestNG.run(AbstractRemoteTestNG.java:114)
	at org.testng.remote.RemoteTestNG.initAndRun(RemoteTestNG.java:251)
	at org.testng.remote.RemoteTestNG.main(RemoteTestNG.java:77)
</pre></div></td>
<td>69</td>
<td>Testcase.thresholdQuoteTest@1018bde2</td></tr>
<tr>
<td title='Testcase.thresholdQuoteTest.quote()'><b>quote</b><br>Test class: Testcase.thresholdQuoteTest<br>Parameters: 700019090964-H, 01/2020<br/>
<a href="#Output-1854907975" onClick='toggleBox("Output-1854907975", this, "Show output", "Hide output");'>Show output</a>

<a href="#Output-1854907975" onClick="toggleAllBoxes();">Show all outputs</a>
<div class='log' id="Output-1854907975">
<a target="_blank" href=Tue_Sep_10_12_29_54_IST_2019.jpg>Screenshot link</a><br/>
<br><br/>
<a target="_blank" href=Tue_Sep_10_12_29_54_IST_2019.jpg><img src=Tue_Sep_10_12_29_54_IST_2019.jpg height=200 width=200></a><br/>
</div>
</td>
<td><div><pre>java.sql.SQLException: Exhausted Resultset
	at oracle.jdbc.driver.OracleResultSetImpl.getString(OracleResultSetImpl.java:1270)
	at oracle.jdbc.driver.OracleResultSet.getString(OracleResultSet.java:498)
	at Testcase.thresholdQuoteTest.quote(thresholdQuoteTest.java:93)
... Removed 25 stack frames</pre></div><a href='#' onClick='toggleBox("stack-trace1854907975", this, "Click to show all stack frames", "Click to hide stack frames")'>Click to show all stack frames</a>
<div class='stack-trace' id='stack-trace1854907975'><pre>java.sql.SQLException: Exhausted Resultset
	at oracle.jdbc.driver.OracleResultSetImpl.getString(OracleResultSetImpl.java:1270)
	at oracle.jdbc.driver.OracleResultSet.getString(OracleResultSet.java:498)
	at Testcase.thresholdQuoteTest.quote(thresholdQuoteTest.java:93)
	at sun.reflect.NativeMethodAccessorImpl.invoke0(Native Method)
	at sun.reflect.NativeMethodAccessorImpl.invoke(Unknown Source)
	at sun.reflect.DelegatingMethodAccessorImpl.invoke(Unknown Source)
	at java.lang.reflect.Method.invoke(Unknown Source)
	at org.testng.internal.MethodInvocationHelper.invokeMethod(MethodInvocationHelper.java:124)
	at org.testng.internal.Invoker.invokeMethod(Invoker.java:583)
	at org.testng.internal.Invoker.invokeTestMethod(Invoker.java:719)
	at org.testng.internal.Invoker.invokeTestMethods(Invoker.java:989)
	at org.testng.internal.TestMethodWorker.invokeTestMethods(TestMethodWorker.java:125)
	at org.testng.internal.TestMethodWorker.run(TestMethodWorker.java:109)
	at org.testng.TestRunner.privateRun(TestRunner.java:648)
	at org.testng.TestRunner.run(TestRunner.java:505)
	at org.testng.SuiteRunner.runTest(SuiteRunner.java:455)
	at org.testng.SuiteRunner.runSequentially(SuiteRunner.java:450)
	at org.testng.SuiteRunner.privateRun(SuiteRunner.java:415)
	at org.testng.SuiteRunner.run(SuiteRunner.java:364)
	at org.testng.SuiteRunnerWorker.runSuite(SuiteRunnerWorker.java:52)
	at org.testng.SuiteRunnerWorker.run(SuiteRunnerWorker.java:84)
	at org.testng.TestNG.runSuitesSequentially(TestNG.java:1208)
	at org.testng.TestNG.runSuitesLocally(TestNG.java:1137)
	at org.testng.TestNG.runSuites(TestNG.java:1049)
	at org.testng.TestNG.run(TestNG.java:1017)
	at org.testng.remote.AbstractRemoteTestNG.run(AbstractRemoteTestNG.java:114)
	at org.testng.remote.RemoteTestNG.initAndRun(RemoteTestNG.java:251)
	at org.testng.remote.RemoteTestNG.main(RemoteTestNG.java:77)
</pre></div></td>
<td>70</td>
<td>Testcase.thresholdQuoteTest@1018bde2</td></tr>
<tr>
<td title='Testcase.thresholdQuoteTest.quote()'><b>quote</b><br>Test class: Testcase.thresholdQuoteTest<br>Parameters: 700019090965-H, 01/2020<br/>
<a href="#Output-1874973205" onClick='toggleBox("Output-1874973205", this, "Show output", "Hide output");'>Show output</a>

<a href="#Output-1874973205" onClick="toggleAllBoxes();">Show all outputs</a>
<div class='log' id="Output-1874973205">
<a target="_blank" href=Tue_Sep_10_12_31_05_IST_2019.jpg>Screenshot link</a><br/>
<br><br/>
<a target="_blank" href=Tue_Sep_10_12_31_05_IST_2019.jpg><img src=Tue_Sep_10_12_31_05_IST_2019.jpg height=200 width=200></a><br/>
</div>
</td>
<td><div><pre>java.sql.SQLException: Exhausted Resultset
	at oracle.jdbc.driver.OracleResultSetImpl.getString(OracleResultSetImpl.java:1270)
	at oracle.jdbc.driver.OracleResultSet.getString(OracleResultSet.java:498)
	at Testcase.thresholdQuoteTest.quote(thresholdQuoteTest.java:93)
... Removed 25 stack frames</pre></div><a href='#' onClick='toggleBox("stack-trace1874973205", this, "Click to show all stack frames", "Click to hide stack frames")'>Click to show all stack frames</a>
<div class='stack-trace' id='stack-trace1874973205'><pre>java.sql.SQLException: Exhausted Resultset
	at oracle.jdbc.driver.OracleResultSetImpl.getString(OracleResultSetImpl.java:1270)
	at oracle.jdbc.driver.OracleResultSet.getString(OracleResultSet.java:498)
	at Testcase.thresholdQuoteTest.quote(thresholdQuoteTest.java:93)
	at sun.reflect.NativeMethodAccessorImpl.invoke0(Native Method)
	at sun.reflect.NativeMethodAccessorImpl.invoke(Unknown Source)
	at sun.reflect.DelegatingMethodAccessorImpl.invoke(Unknown Source)
	at java.lang.reflect.Method.invoke(Unknown Source)
	at org.testng.internal.MethodInvocationHelper.invokeMethod(MethodInvocationHelper.java:124)
	at org.testng.internal.Invoker.invokeMethod(Invoker.java:583)
	at org.testng.internal.Invoker.invokeTestMethod(Invoker.java:719)
	at org.testng.internal.Invoker.invokeTestMethods(Invoker.java:989)
	at org.testng.internal.TestMethodWorker.invokeTestMethods(TestMethodWorker.java:125)
	at org.testng.internal.TestMethodWorker.run(TestMethodWorker.java:109)
	at org.testng.TestRunner.privateRun(TestRunner.java:648)
	at org.testng.TestRunner.run(TestRunner.java:505)
	at org.testng.SuiteRunner.runTest(SuiteRunner.java:455)
	at org.testng.SuiteRunner.runSequentially(SuiteRunner.java:450)
	at org.testng.SuiteRunner.privateRun(SuiteRunner.java:415)
	at org.testng.SuiteRunner.run(SuiteRunner.java:364)
	at org.testng.SuiteRunnerWorker.runSuite(SuiteRunnerWorker.java:52)
	at org.testng.SuiteRunnerWorker.run(SuiteRunnerWorker.java:84)
	at org.testng.TestNG.runSuitesSequentially(TestNG.java:1208)
	at org.testng.TestNG.runSuitesLocally(TestNG.java:1137)
	at org.testng.TestNG.runSuites(TestNG.java:1049)
	at org.testng.TestNG.run(TestNG.java:1017)
	at org.testng.remote.AbstractRemoteTestNG.run(AbstractRemoteTestNG.java:114)
	at org.testng.remote.RemoteTestNG.initAndRun(RemoteTestNG.java:251)
	at org.testng.remote.RemoteTestNG.main(RemoteTestNG.java:77)
</pre></div></td>
<td>70</td>
<td>Testcase.thresholdQuoteTest@1018bde2</td></tr>
<tr>
<td title='Testcase.thresholdQuoteTest.quote()'><b>quote</b><br>Test class: Testcase.thresholdQuoteTest<br>Parameters: 700019090966-H, 01/2020</td>
<td><div><pre>org.openqa.selenium.WebDriverException: chrome not reachable
  (Session info: chrome=76.0.3809.132)
  (Driver info: chromedriver=2.40.565498 (ea082db3280dd6843ebfb08a625e3eb905c4f5ab),platform=Windows NT 10.0.17763 x86_64) (WARNING: The server did not provide any stacktrace information)
Command duration or timeout: 0 milliseconds
Build info: version: &apos;3.14.0&apos;, revision: &apos;aacccce0&apos;, time: &apos;2018-08-02T20:19:58.91Z&apos;
System info: host: &apos;INDSNOIB9X0P12&apos;, ip: &apos;172.20.16.53&apos;, os.name: &apos;Windows 10&apos;, os.arch: &apos;amd64&apos;, os.version: &apos;10.0&apos;, java.version: &apos;1.8.0_201&apos;
Driver info: org.openqa.selenium.chrome.ChromeDriver
Capabilities {acceptInsecureCerts: false, acceptSslCerts: false, applicationCacheEnabled: false, browserConnectionEnabled: false, browserName: chrome, chrome: {chromedriverVersion: 2.40.565498 (ea082db3280dd6..., userDataDir: C:\Users\124859\AppData\Loc...}, cssSelectorsEnabled: true, databaseEnabled: false, handlesAlerts: true, hasTouchScreen: false, javascriptEnabled: true, locationContextEnabled: true, mobileEmulationEnabled: false, nativeEvents: true, networkConnectionEnabled: false, pageLoadStrategy: normal, platform: XP, platformName: XP, rotatable: false, setWindowRect: true, takesHeapSnapshot: true, takesScreenshot: true, unexpectedAlertBehaviour: , unhandledPromptBehavior: , version: 76.0.3809.132, webStorageEnabled: true}
Session ID: 36b6ab636d6757e289a99032a51e2e11
*** Element info: {Using=xpath, value=//*[@name=&quot;Refresh&quot;]}
	at org.openqa.selenium.remote.ErrorHandler.createThrowable(ErrorHandler.java:214)
	at org.openqa.selenium.remote.ErrorHandler.throwIfResponseFailed(ErrorHandler.java:166)
	at org.openqa.selenium.remote.http.JsonHttpResponseCodec.reconstructValue(JsonHttpResponseCodec.java:40)
	at org.openqa.selenium.remote.http.AbstractHttpResponseCodec.decode(AbstractHttpResponseCodec.java:80)
	at org.openqa.selenium.remote.http.AbstractHttpResponseCodec.decode(AbstractHttpResponseCodec.java:44)
	at org.openqa.selenium.remote.HttpCommandExecutor.execute(HttpCommandExecutor.java:158)
	at org.openqa.selenium.remote.service.DriverCommandExecutor.execute(DriverCommandExecutor.java:83)
	at org.openqa.selenium.remote.RemoteWebDriver.execute(RemoteWebDriver.java:548)
	at org.openqa.selenium.remote.RemoteWebDriver.findElement(RemoteWebDriver.java:322)
	at org.openqa.selenium.remote.RemoteWebDriver.findElementByXPath(RemoteWebDriver.java:424)
	at org.openqa.selenium.By$ByXPath.findElement(By.java:353)
	at org.openqa.selenium.remote.RemoteWebDriver.findElement(RemoteWebDriver.java:314)
	at baseclass.BaseTest1.click(BaseTest1.java:156)
	at Testcase.thresholdQuoteTest.quote(thresholdQuoteTest.java:65)
... Removed 29 stack frames</pre></div><a href='#' onClick='toggleBox("stack-trace101216381", this, "Click to show all stack frames", "Click to hide stack frames")'>Click to show all stack frames</a>
<div class='stack-trace' id='stack-trace101216381'><pre>org.openqa.selenium.WebDriverException: chrome not reachable
  (Session info: chrome=76.0.3809.132)
  (Driver info: chromedriver=2.40.565498 (ea082db3280dd6843ebfb08a625e3eb905c4f5ab),platform=Windows NT 10.0.17763 x86_64) (WARNING: The server did not provide any stacktrace information)
Command duration or timeout: 0 milliseconds
Build info: version: &apos;3.14.0&apos;, revision: &apos;aacccce0&apos;, time: &apos;2018-08-02T20:19:58.91Z&apos;
System info: host: &apos;INDSNOIB9X0P12&apos;, ip: &apos;172.20.16.53&apos;, os.name: &apos;Windows 10&apos;, os.arch: &apos;amd64&apos;, os.version: &apos;10.0&apos;, java.version: &apos;1.8.0_201&apos;
Driver info: org.openqa.selenium.chrome.ChromeDriver
Capabilities {acceptInsecureCerts: false, acceptSslCerts: false, applicationCacheEnabled: false, browserConnectionEnabled: false, browserName: chrome, chrome: {chromedriverVersion: 2.40.565498 (ea082db3280dd6..., userDataDir: C:\Users\124859\AppData\Loc...}, cssSelectorsEnabled: true, databaseEnabled: false, handlesAlerts: true, hasTouchScreen: false, javascriptEnabled: true, locationContextEnabled: true, mobileEmulationEnabled: false, nativeEvents: true, networkConnectionEnabled: false, pageLoadStrategy: normal, platform: XP, platformName: XP, rotatable: false, setWindowRect: true, takesHeapSnapshot: true, takesScreenshot: true, unexpectedAlertBehaviour: , unhandledPromptBehavior: , version: 76.0.3809.132, webStorageEnabled: true}
Session ID: 36b6ab636d6757e289a99032a51e2e11
*** Element info: {Using=xpath, value=//*[@name=&quot;Refresh&quot;]}
	at sun.reflect.NativeConstructorAccessorImpl.newInstance0(Native Method)
	at sun.reflect.NativeConstructorAccessorImpl.newInstance(Unknown Source)
	at sun.reflect.DelegatingConstructorAccessorImpl.newInstance(Unknown Source)
	at java.lang.reflect.Constructor.newInstance(Unknown Source)
	at org.openqa.selenium.remote.ErrorHandler.createThrowable(ErrorHandler.java:214)
	at org.openqa.selenium.remote.ErrorHandler.throwIfResponseFailed(ErrorHandler.java:166)
	at org.openqa.selenium.remote.http.JsonHttpResponseCodec.reconstructValue(JsonHttpResponseCodec.java:40)
	at org.openqa.selenium.remote.http.AbstractHttpResponseCodec.decode(AbstractHttpResponseCodec.java:80)
	at org.openqa.selenium.remote.http.AbstractHttpResponseCodec.decode(AbstractHttpResponseCodec.java:44)
	at org.openqa.selenium.remote.HttpCommandExecutor.execute(HttpCommandExecutor.java:158)
	at org.openqa.selenium.remote.service.DriverCommandExecutor.execute(DriverCommandExecutor.java:83)
	at org.openqa.selenium.remote.RemoteWebDriver.execute(RemoteWebDriver.java:548)
	at org.openqa.selenium.remote.RemoteWebDriver.findElement(RemoteWebDriver.java:322)
	at org.openqa.selenium.remote.RemoteWebDriver.findElementByXPath(RemoteWebDriver.java:424)
	at org.openqa.selenium.By$ByXPath.findElement(By.java:353)
	at org.openqa.selenium.remote.RemoteWebDriver.findElement(RemoteWebDriver.java:314)
	at baseclass.BaseTest1.click(BaseTest1.java:156)
	at Testcase.thresholdQuoteTest.quote(thresholdQuoteTest.java:65)
	at sun.reflect.NativeMethodAccessorImpl.invoke0(Native Method)
	at sun.reflect.NativeMethodAccessorImpl.invoke(Unknown Source)
	at sun.reflect.DelegatingMethodAccessorImpl.invoke(Unknown Source)
	at java.lang.reflect.Method.invoke(Unknown Source)
	at org.testng.internal.MethodInvocationHelper.invokeMethod(MethodInvocationHelper.java:124)
	at org.testng.internal.Invoker.invokeMethod(Invoker.java:583)
	at org.testng.internal.Invoker.invokeTestMethod(Invoker.java:719)
	at org.testng.internal.Invoker.invokeTestMethods(Invoker.java:989)
	at org.testng.internal.TestMethodWorker.invokeTestMethods(TestMethodWorker.java:125)
	at org.testng.internal.TestMethodWorker.run(TestMethodWorker.java:109)
	at org.testng.TestRunner.privateRun(TestRunner.java:648)
	at org.testng.TestRunner.run(TestRunner.java:505)
	at org.testng.SuiteRunner.runTest(SuiteRunner.java:455)
	at org.testng.SuiteRunner.runSequentially(SuiteRunner.java:450)
	at org.testng.SuiteRunner.privateRun(SuiteRunner.java:415)
	at org.testng.SuiteRunner.run(SuiteRunner.java:364)
	at org.testng.SuiteRunnerWorker.runSuite(SuiteRunnerWorker.java:52)
	at org.testng.SuiteRunnerWorker.run(SuiteRunnerWorker.java:84)
	at org.testng.TestNG.runSuitesSequentially(TestNG.java:1208)
	at org.testng.TestNG.runSuitesLocally(TestNG.java:1137)
	at org.testng.TestNG.runSuites(TestNG.java:1049)
	at org.testng.TestNG.run(TestNG.java:1017)
	at org.testng.remote.AbstractRemoteTestNG.run(AbstractRemoteTestNG.java:114)
	at org.testng.remote.RemoteTestNG.initAndRun(RemoteTestNG.java:251)
	at org.testng.remote.RemoteTestNG.main(RemoteTestNG.java:77)
</pre></div></td>
<td>65</td>
<td>Testcase.thresholdQuoteTest@1018bde2</td></tr>
<tr>
<td title='Testcase.thresholdQuoteTest.quote()'><b>quote</b><br>Test class: Testcase.thresholdQuoteTest</td>
<td><div><pre>org.openqa.selenium.WebDriverException: chrome not reachable
  (Session info: chrome=76.0.3809.132)
  (Driver info: chromedriver=2.40.565498 (ea082db3280dd6843ebfb08a625e3eb905c4f5ab),platform=Windows NT 10.0.17763 x86_64) (WARNING: The server did not provide any stacktrace information)
Command duration or timeout: 0 milliseconds
Build info: version: &apos;3.14.0&apos;, revision: &apos;aacccce0&apos;, time: &apos;2018-08-02T20:19:58.91Z&apos;
System info: host: &apos;INDSNOIB9X0P12&apos;, ip: &apos;172.20.16.53&apos;, os.name: &apos;Windows 10&apos;, os.arch: &apos;amd64&apos;, os.version: &apos;10.0&apos;, java.version: &apos;1.8.0_201&apos;
Driver info: org.openqa.selenium.chrome.ChromeDriver
Capabilities {acceptInsecureCerts: false, acceptSslCerts: false, applicationCacheEnabled: false, browserConnectionEnabled: false, browserName: chrome, chrome: {chromedriverVersion: 2.40.565498 (ea082db3280dd6..., userDataDir: C:\Users\124859\AppData\Loc...}, cssSelectorsEnabled: true, databaseEnabled: false, handlesAlerts: true, hasTouchScreen: false, javascriptEnabled: true, locationContextEnabled: true, mobileEmulationEnabled: false, nativeEvents: true, networkConnectionEnabled: false, pageLoadStrategy: normal, platform: XP, platformName: XP, rotatable: false, setWindowRect: true, takesHeapSnapshot: true, takesScreenshot: true, unexpectedAlertBehaviour: , unhandledPromptBehavior: , version: 76.0.3809.132, webStorageEnabled: true}
Session ID: 36b6ab636d6757e289a99032a51e2e11
	at org.openqa.selenium.remote.ErrorHandler.createThrowable(ErrorHandler.java:214)
	at org.openqa.selenium.remote.ErrorHandler.throwIfResponseFailed(ErrorHandler.java:166)
	at org.openqa.selenium.remote.http.JsonHttpResponseCodec.reconstructValue(JsonHttpResponseCodec.java:40)
	at org.openqa.selenium.remote.http.AbstractHttpResponseCodec.decode(AbstractHttpResponseCodec.java:80)
	at org.openqa.selenium.remote.http.AbstractHttpResponseCodec.decode(AbstractHttpResponseCodec.java:44)
	at org.openqa.selenium.remote.HttpCommandExecutor.execute(HttpCommandExecutor.java:158)
	at org.openqa.selenium.remote.service.DriverCommandExecutor.execute(DriverCommandExecutor.java:83)
	at org.openqa.selenium.remote.RemoteWebDriver.execute(RemoteWebDriver.java:548)
	at org.openqa.selenium.remote.RemoteWebDriver.execute(RemoteWebDriver.java:605)
	at org.openqa.selenium.remote.RemoteWebDriver.getScreenshotAs(RemoteWebDriver.java:294)
	at utilities.TestUtil.captureScreenshot(TestUtil.java:22)
	at listeners.CustomListeners.onTestFailure(CustomListeners.java:33)
... Removed 26 stack frames</pre></div><a href='#' onClick='toggleBox("stack-trace681709819", this, "Click to show all stack frames", "Click to hide stack frames")'>Click to show all stack frames</a>
<div class='stack-trace' id='stack-trace681709819'><pre>org.openqa.selenium.WebDriverException: chrome not reachable
  (Session info: chrome=76.0.3809.132)
  (Driver info: chromedriver=2.40.565498 (ea082db3280dd6843ebfb08a625e3eb905c4f5ab),platform=Windows NT 10.0.17763 x86_64) (WARNING: The server did not provide any stacktrace information)
Command duration or timeout: 0 milliseconds
Build info: version: &apos;3.14.0&apos;, revision: &apos;aacccce0&apos;, time: &apos;2018-08-02T20:19:58.91Z&apos;
System info: host: &apos;INDSNOIB9X0P12&apos;, ip: &apos;172.20.16.53&apos;, os.name: &apos;Windows 10&apos;, os.arch: &apos;amd64&apos;, os.version: &apos;10.0&apos;, java.version: &apos;1.8.0_201&apos;
Driver info: org.openqa.selenium.chrome.ChromeDriver
Capabilities {acceptInsecureCerts: false, acceptSslCerts: false, applicationCacheEnabled: false, browserConnectionEnabled: false, browserName: chrome, chrome: {chromedriverVersion: 2.40.565498 (ea082db3280dd6..., userDataDir: C:\Users\124859\AppData\Loc...}, cssSelectorsEnabled: true, databaseEnabled: false, handlesAlerts: true, hasTouchScreen: false, javascriptEnabled: true, locationContextEnabled: true, mobileEmulationEnabled: false, nativeEvents: true, networkConnectionEnabled: false, pageLoadStrategy: normal, platform: XP, platformName: XP, rotatable: false, setWindowRect: true, takesHeapSnapshot: true, takesScreenshot: true, unexpectedAlertBehaviour: , unhandledPromptBehavior: , version: 76.0.3809.132, webStorageEnabled: true}
Session ID: 36b6ab636d6757e289a99032a51e2e11
	at sun.reflect.NativeConstructorAccessorImpl.newInstance0(Native Method)
	at sun.reflect.NativeConstructorAccessorImpl.newInstance(Unknown Source)
	at sun.reflect.DelegatingConstructorAccessorImpl.newInstance(Unknown Source)
	at java.lang.reflect.Constructor.newInstance(Unknown Source)
	at org.openqa.selenium.remote.ErrorHandler.createThrowable(ErrorHandler.java:214)
	at org.openqa.selenium.remote.ErrorHandler.throwIfResponseFailed(ErrorHandler.java:166)
	at org.openqa.selenium.remote.http.JsonHttpResponseCodec.reconstructValue(JsonHttpResponseCodec.java:40)
	at org.openqa.selenium.remote.http.AbstractHttpResponseCodec.decode(AbstractHttpResponseCodec.java:80)
	at org.openqa.selenium.remote.http.AbstractHttpResponseCodec.decode(AbstractHttpResponseCodec.java:44)
	at org.openqa.selenium.remote.HttpCommandExecutor.execute(HttpCommandExecutor.java:158)
	at org.openqa.selenium.remote.service.DriverCommandExecutor.execute(DriverCommandExecutor.java:83)
	at org.openqa.selenium.remote.RemoteWebDriver.execute(RemoteWebDriver.java:548)
	at org.openqa.selenium.remote.RemoteWebDriver.execute(RemoteWebDriver.java:605)
	at org.openqa.selenium.remote.RemoteWebDriver.getScreenshotAs(RemoteWebDriver.java:294)
	at utilities.TestUtil.captureScreenshot(TestUtil.java:22)
	at listeners.CustomListeners.onTestFailure(CustomListeners.java:33)
	at org.testng.internal.TestListenerHelper.runTestListeners(TestListenerHelper.java:67)
	at org.testng.internal.Invoker.runTestListeners(Invoker.java:1389)
	at org.testng.internal.Invoker.invokeMethod(Invoker.java:636)
	at org.testng.internal.Invoker.invokeTestMethod(Invoker.java:719)
	at org.testng.internal.Invoker.invokeTestMethods(Invoker.java:989)
	at org.testng.internal.TestMethodWorker.invokeTestMethods(TestMethodWorker.java:125)
	at org.testng.internal.TestMethodWorker.run(TestMethodWorker.java:109)
	at org.testng.TestRunner.privateRun(TestRunner.java:648)
	at org.testng.TestRunner.run(TestRunner.java:505)
	at org.testng.SuiteRunner.runTest(SuiteRunner.java:455)
	at org.testng.SuiteRunner.runSequentially(SuiteRunner.java:450)
	at org.testng.SuiteRunner.privateRun(SuiteRunner.java:415)
	at org.testng.SuiteRunner.run(SuiteRunner.java:364)
	at org.testng.SuiteRunnerWorker.runSuite(SuiteRunnerWorker.java:52)
	at org.testng.SuiteRunnerWorker.run(SuiteRunnerWorker.java:84)
	at org.testng.TestNG.runSuitesSequentially(TestNG.java:1208)
	at org.testng.TestNG.runSuitesLocally(TestNG.java:1137)
	at org.testng.TestNG.runSuites(TestNG.java:1049)
	at org.testng.TestNG.run(TestNG.java:1017)
	at org.testng.remote.AbstractRemoteTestNG.run(AbstractRemoteTestNG.java:114)
	at org.testng.remote.RemoteTestNG.initAndRun(RemoteTestNG.java:251)
	at org.testng.remote.RemoteTestNG.main(RemoteTestNG.java:77)
</pre></div></td>
<td>864</td>
<td>Testcase.thresholdQuoteTest@1018bde2</td></tr>
</table><p>
</body>
</html>