<!DOCTYPE html PUBLIC "-//W3C//DTD XHTML 1.1//EN" "http://www.w3.org/TR/xhtml11/DTD/xhtml11.dtd">
<html xmlns="http://www.w3.org/1999/xhtml">
<head>
<meta http-equiv="content-type" content="text/html; charset=UTF-8"/>
<title>TestNG Report</title>
<style type="text/css">table {margin-bottom:10px;border-collapse:collapse;empty-cells:show}th,td {border:1px solid #009;padding:.25em .5em}th {vertical-align:bottom}td {vertical-align:top}table a {font-weight:bold}.stripe td {background-color: #E6EBF9}.num {text-align:right}.passedodd td {background-color: #3F3}.passedeven td {background-color: #0A0}.skippedodd td {background-color: #DDD}.skippedeven td {background-color: #CCC}.failedodd td,.attn {background-color: #F33}.failedeven td,.stripe .attn {background-color: #D00}.stacktrace {white-space:pre;font-family:monospace}.totop {font-size:85%;text-align:center;border-bottom:2px solid #000}.invisible {display:none}</style>
</head>
<body>
<table>
<tr><th>Test</th><th># Passed</th><th># Skipped</th><th># Failed</th><th>Time (ms)</th><th>Included Groups</th><th>Excluded Groups</th></tr>
<tr><th colspan="7">Suite</th></tr>
<tr><td><a href="#t0">Soap UI Test</a></td><td class="num">2</td><td class="num">0</td><td class="num">0</td><td class="num">2,669</td><td></td><td></td></tr>
<tr class="stripe"><td><a href="#t1">Validate and Post Test</a></td><td class="num">1</td><td class="num">0</td><td class="num">0</td><td class="num">28,428</td><td></td><td></td></tr>
<tr><td><a href="#t2">Quote Status Test</a></td><td class="num">0</td><td class="num">0</td><td class="num attn">2</td><td class="num">7,026</td><td></td><td></td></tr>
<tr class="stripe"><td><a href="#t3">PB Login Test</a></td><td class="num">1</td><td class="num">0</td><td class="num">0</td><td class="num">9,691</td><td></td><td></td></tr>
<tr><td><a href="#t4">Payment Test</a></td><td class="num">0</td><td class="num">0</td><td class="num attn">1</td><td class="num">45,769</td><td></td><td></td></tr>
<tr class="stripe"><td><a href="#t5">Quote Generation Test</a></td><td class="num">0</td><td class="num">0</td><td class="num attn">2</td><td class="num">142,832</td><td></td><td></td></tr>
<tr><td><a href="#t6">Daily member Update Test</a></td><td class="num">1</td><td class="num">0</td><td class="num">0</td><td class="num">36,794</td><td></td><td></td></tr>
<tr class="stripe"><td><a href="#t7">Member Effectuation Status Test</a></td><td class="num">0</td><td class="num">0</td><td class="num attn">2</td><td class="num">6,538</td><td></td><td></td></tr>
<tr><td><a href="#t8">Generate Invoice Test</a></td><td class="num">2</td><td class="num">0</td><td class="num">0</td><td class="num">328,228</td><td></td><td></td></tr>
<tr><th>Total</th><th class="num">7</th><th class="num">0</th><th class="num attn">7</th><th class="num">607,975</th><th colspan="2"></th></tr>
</table>
<table id='summary'><thead><tr><th>Class</th><th>Method</th><th>Start</th><th>Time (ms)</th></tr></thead><tbody><tr><th colspan="4">Suite</th></tr></tbody><tbody id="t0"><tr><th colspan="4">Soap UI Test &#8212; passed</th></tr><tr class="passedeven"><td rowspan="2">Testcase.soapTest</td><td><a href="#m0">ProcessPayLoadEnrollmentCalls</a></td><td rowspan="2">1568786544286</td><td rowspan="2">1564</td></tr><tr class="passedeven"><td><a href="#m1">ProcessPayLoadEnrollmentCalls</a></td></tr></tbody>
<tbody id="t1"><tr><th colspan="4">Validate and Post Test &#8212; passed</th></tr><tr class="passedeven"><td rowspan="1">Testcase.validateAndPostTest</td><td><a href="#m2">NSFBoomi</a></td><td rowspan="1">1568786547036</td><td rowspan="1">28423</td></tr></tbody>
<tbody id="t2"><tr><th colspan="4">Quote Status Test &#8212; failed</th></tr><tr class="failedeven"><td rowspan="2">Testcase.quoteStatusValidationTest</td><td><a href="#m3">validation</a></td><td rowspan="2">1568786575525</td><td rowspan="2">3342</td></tr><tr class="failedeven"><td><a href="#m4">validation</a></td></tr></tbody>
<tbody id="t3"><tr><th colspan="4">PB Login Test &#8212; passed</th></tr><tr class="passedeven"><td rowspan="1">Testcase.PBLoginTest</td><td><a href="#m5">login</a></td><td rowspan="1">1568786582613</td><td rowspan="1">9688</td></tr></tbody>
<tbody id="t4"><tr><th colspan="4">Payment Test &#8212; failed</th></tr><tr class="failedeven"><td rowspan="1">Testcase.memberPaymentTestNew</td><td><a href="#m6">quote</a></td><td rowspan="1">1568786592355</td><td rowspan="1">45292</td></tr></tbody>
<tbody id="t5"><tr><th colspan="4">Quote Generation Test &#8212; failed</th></tr><tr class="failedeven"><td rowspan="2">Testcase.firstQuoteGenerationTest</td><td><a href="#m7">quote</a></td><td rowspan="2">1568786710016</td><td rowspan="2">70604</td></tr><tr class="failedeven"><td><a href="#m8">quote</a></td></tr></tbody>
<tbody id="t6"><tr><th colspan="4">Daily member Update Test &#8212; passed</th></tr><tr class="passedeven"><td rowspan="1">Testcase.dailyMemberUpdateTest</td><td><a href="#m9">NSFBoomi</a></td><td rowspan="1">1568786781017</td><td rowspan="1">36792</td></tr></tbody>
<tbody id="t7"><tr><th colspan="4">Member Effectuation Status Test &#8212; failed</th></tr><tr class="failedeven"><td rowspan="2">Testcase.memberEffectuationStatusTest</td><td><a href="#m10">validation</a></td><td rowspan="2">1568786821158</td><td rowspan="2">2828</td></tr><tr class="failedeven"><td><a href="#m11">validation</a></td></tr></tbody>
<tbody id="t8"><tr><th colspan="4">Generate Invoice Test &#8212; passed</th></tr><tr class="passedeven"><td rowspan="2">Testcase.generateInvoiceTest</td><td><a href="#m12">login</a></td><td rowspan="2">1568786988065</td><td rowspan="2">164576</td></tr><tr class="passedeven"><td><a href="#m13">login</a></td></tr></tbody>
</table>
<h2>Soap UI Test</h2><h3 id="m0">Testcase.soapTest#ProcessPayLoadEnrollmentCalls</h3><table class="result"><tr class="param"><th>Parameter #1</th></tr><tr class="param stripe"><td>TC_01</td></tr></table><p class="totop"><a href="#summary">back to summary</a></p>
<h3 id="m1">Testcase.soapTest#ProcessPayLoadEnrollmentCalls</h3><table class="result"><tr class="param"><th>Parameter #1</th></tr><tr class="param stripe"><td>TC_02</td></tr></table><p class="totop"><a href="#summary">back to summary</a></p>
<h2>Validate and Post Test</h2><h3 id="m2">Testcase.validateAndPostTest#NSFBoomi</h3><table class="result"><tr class="param"><th>Parameter #1</th><th>Parameter #2</th></tr><tr class="param stripe"><td>Anuj11.Singh@nttdata.com</td><td>Ntt2018</td></tr></table><p class="totop"><a href="#summary">back to summary</a></p>
<h2>Quote Status Test</h2><h3 id="m3">Testcase.quoteStatusValidationTest#validation</h3><table class="result"><tr class="param"><th>Parameter #1</th></tr><tr class="param stripe"><td>700019091801-H</td></tr><tr><th>Messages</th></tr><tr><td><div class="messages"><a target="_blank" href=Wed_Sep_18_11_32_58_IST_2019.jpg>Screenshot link</a><br/><br><br/><a target="_blank" href=Wed_Sep_18_11_32_58_IST_2019.jpg><img src=Wed_Sep_18_11_32_58_IST_2019.jpg height=200 width=200></a></div></td></tr><tr><th>Exception</th></tr><tr><td><div class="stacktrace">java.sql.SQLException: Exhausted Resultset
	at oracle.jdbc.driver.OracleResultSetImpl.getString(OracleResultSetImpl.java:1270)
	at oracle.jdbc.driver.OracleResultSet.getString(OracleResultSet.java:498)
	at Testcase.quoteStatusValidationTest.validation(quoteStatusValidationTest.java:45)
... Removed 25 stack frames</div></td></tr></table><p class="totop"><a href="#summary">back to summary</a></p>
<h3 id="m4">Testcase.quoteStatusValidationTest#validation</h3><table class="result"><tr class="param"><th>Parameter #1</th></tr><tr class="param stripe"><td>700019091802-H</td></tr><tr><th>Messages</th></tr><tr><td><div class="messages"><a target="_blank" href=Wed_Sep_18_11_33_02_IST_2019.jpg>Screenshot link</a><br/><br><br/><a target="_blank" href=Wed_Sep_18_11_33_02_IST_2019.jpg><img src=Wed_Sep_18_11_33_02_IST_2019.jpg height=200 width=200></a></div></td></tr><tr><th>Exception</th></tr><tr><td><div class="stacktrace">java.sql.SQLException: Exhausted Resultset
	at oracle.jdbc.driver.OracleResultSetImpl.getString(OracleResultSetImpl.java:1270)
	at oracle.jdbc.driver.OracleResultSet.getString(OracleResultSet.java:498)
	at Testcase.quoteStatusValidationTest.validation(quoteStatusValidationTest.java:45)
... Removed 25 stack frames</div></td></tr></table><p class="totop"><a href="#summary">back to summary</a></p>
<h2>PB Login Test</h2><h3 id="m5">Testcase.PBLoginTest#login</h3><table class="result"><tr class="param"><th>Parameter #1</th><th>Parameter #2</th></tr><tr class="param stripe"><td>doris</td><td>b0ma8c0nsit2$</td></tr></table><p class="totop"><a href="#summary">back to summary</a></p>
<h2>Payment Test</h2><h3 id="m6">Testcase.memberPaymentTestNew#quote</h3><table class="result"><tr class="param"><th>Parameter #1</th><th>Parameter #2</th><th>Parameter #3</th><th>Parameter #4</th><th>Parameter #5</th></tr><tr class="param stripe"><td>doris</td><td>b0ma8c0nsit2$</td><td>1200</td><td>09/2019</td><td>700019091801-H</td></tr><tr><th colspan="5">Messages</th></tr><tr><td colspan="5"><div class="messages"><a target="_blank" href=Wed_Sep_18_11_33_57_IST_2019.jpg>Screenshot link</a><br/><br><br/><a target="_blank" href=Wed_Sep_18_11_33_57_IST_2019.jpg><img src=Wed_Sep_18_11_33_57_IST_2019.jpg height=200 width=200></a></div></td></tr><tr><th colspan="5">Exception</th></tr><tr><td colspan="5"><div class="stacktrace">java.lang.AssertionError: Test is FAILED!!!
	at Testcase.memberPaymentTestNew.quote(memberPaymentTestNew.java:185)
... Removed 26 stack frames</div></td></tr></table><p class="totop"><a href="#summary">back to summary</a></p>
<h2>Quote Generation Test</h2><h3 id="m7">Testcase.firstQuoteGenerationTest#quote</h3><table class="result"><tr class="param"><th>Parameter #1</th><th>Parameter #2</th></tr><tr class="param stripe"><td>700019091802-H</td><td>01/2019</td></tr><tr><th colspan="2">Messages</th></tr><tr><td colspan="2"><div class="messages"><a target="_blank" href=Wed_Sep_18_11_36_20_IST_2019.jpg>Screenshot link</a><br/><br><br/><a target="_blank" href=Wed_Sep_18_11_36_20_IST_2019.jpg><img src=Wed_Sep_18_11_36_20_IST_2019.jpg height=200 width=200></a></div></td></tr><tr><th colspan="2">Exception</th></tr><tr><td colspan="2"><div class="stacktrace">java.sql.SQLException: Exhausted Resultset
	at oracle.jdbc.driver.OracleResultSetImpl.getString(OracleResultSetImpl.java:1270)
	at oracle.jdbc.driver.OracleResultSet.getString(OracleResultSet.java:498)
	at Testcase.firstQuoteGenerationTest.quote(firstQuoteGenerationTest.java:95)
... Removed 25 stack frames</div></td></tr></table><p class="totop"><a href="#summary">back to summary</a></p>
<h3 id="m8">Testcase.firstQuoteGenerationTest#quote</h3><table class="result"><tr class="param"><th>Parameter #1</th><th>Parameter #2</th></tr><tr class="param stripe"><td>700019091801-H</td><td>01/2019</td></tr><tr><th colspan="2">Messages</th></tr><tr><td colspan="2"><div class="messages"><a target="_blank" href=Wed_Sep_18_11_35_09_IST_2019.jpg>Screenshot link</a><br/><br><br/><a target="_blank" href=Wed_Sep_18_11_35_09_IST_2019.jpg><img src=Wed_Sep_18_11_35_09_IST_2019.jpg height=200 width=200></a></div></td></tr><tr><th colspan="2">Exception</th></tr><tr><td colspan="2"><div class="stacktrace">java.sql.SQLException: Exhausted Resultset
	at oracle.jdbc.driver.OracleResultSetImpl.getString(OracleResultSetImpl.java:1270)
	at oracle.jdbc.driver.OracleResultSet.getString(OracleResultSet.java:498)
	at Testcase.firstQuoteGenerationTest.quote(firstQuoteGenerationTest.java:95)
... Removed 25 stack frames</div></td></tr></table><p class="totop"><a href="#summary">back to summary</a></p>
<h2>Daily member Update Test</h2><h3 id="m9">Testcase.dailyMemberUpdateTest#NSFBoomi</h3><table class="result"><tr class="param"><th>Parameter #1</th><th>Parameter #2</th></tr><tr class="param stripe"><td>Anuj11.Singh@nttdata.com</td><td>Ntt2018</td></tr></table><p class="totop"><a href="#summary">back to summary</a></p>
<h2>Member Effectuation Status Test</h2><h3 id="m10">Testcase.memberEffectuationStatusTest#validation</h3><table class="result"><tr class="param"><th>Parameter #1</th></tr><tr class="param stripe"><td>700019091802-H</td></tr><tr><th>Messages</th></tr><tr><td><div class="messages"><a target="_blank" href=Wed_Sep_18_11_37_03_IST_2019.jpg>Screenshot link</a><br/><br><br/><a target="_blank" href=Wed_Sep_18_11_37_03_IST_2019.jpg><img src=Wed_Sep_18_11_37_03_IST_2019.jpg height=200 width=200></a></div></td></tr><tr><th>Exception</th></tr><tr><td><div class="stacktrace">java.sql.SQLException: Exhausted Resultset
	at oracle.jdbc.driver.OracleResultSetImpl.getString(OracleResultSetImpl.java:1270)
	at oracle.jdbc.driver.OracleResultSet.getString(OracleResultSet.java:498)
	at Testcase.memberEffectuationStatusTest.validation(memberEffectuationStatusTest.java:45)
... Removed 25 stack frames</div></td></tr></table><p class="totop"><a href="#summary">back to summary</a></p>
<h3 id="m11">Testcase.memberEffectuationStatusTest#validation</h3><table class="result"><tr class="param"><th>Parameter #1</th></tr><tr class="param stripe"><td>700019091801-H</td></tr><tr><th>Messages</th></tr><tr><td><div class="messages"><a target="_blank" href=Wed_Sep_18_11_37_00_IST_2019.jpg>Screenshot link</a><br/><br><br/><a target="_blank" href=Wed_Sep_18_11_37_00_IST_2019.jpg><img src=Wed_Sep_18_11_37_00_IST_2019.jpg height=200 width=200></a></div></td></tr><tr><th>Exception</th></tr><tr><td><div class="stacktrace">java.sql.SQLException: Exhausted Resultset
	at oracle.jdbc.driver.OracleResultSetImpl.getString(OracleResultSetImpl.java:1270)
	at oracle.jdbc.driver.OracleResultSet.getString(OracleResultSet.java:498)
	at Testcase.memberEffectuationStatusTest.validation(memberEffectuationStatusTest.java:45)
... Removed 25 stack frames</div></td></tr></table><p class="totop"><a href="#summary">back to summary</a></p>
<h2>Generate Invoice Test</h2><h3 id="m12">Testcase.generateInvoiceTest#login</h3><table class="result"><tr class="param"><th>Parameter #1</th><th>Parameter #2</th><th>Parameter #3</th></tr><tr class="param stripe"><td>700019091802-H</td><td>12/31/2019</td><td>09/2019</td></tr></table><p class="totop"><a href="#summary">back to summary</a></p>
<h3 id="m13">Testcase.generateInvoiceTest#login</h3><table class="result"><tr class="param"><th>Parameter #1</th><th>Parameter #2</th><th>Parameter #3</th></tr><tr class="param stripe"><td>700019091801-H</td><td>12/31/2019</td><td>09/2019</td></tr></table><p class="totop"><a href="#summary">back to summary</a></p>
</body>
</html>
