<?xml version="1.0" encoding="UTF-8"?>
<testng-results skipped="0" failed="7" ignored="0" total="14" passed="7">
  <reporter-output>
    <line>
      <![CDATA[<a target="_blank" href=Wed_Sep_18_11_32_58_IST_2019.jpg>Screenshot link</a>]]>
    </line>
    <line>
      <![CDATA[<br>]]>
    </line>
    <line>
      <![CDATA[<a target="_blank" href=Wed_Sep_18_11_32_58_IST_2019.jpg><img src=Wed_Sep_18_11_32_58_IST_2019.jpg height=200 width=200></a>]]>
    </line>
    <line>
      <![CDATA[<a target="_blank" href=Wed_Sep_18_11_33_02_IST_2019.jpg>Screenshot link</a>]]>
    </line>
    <line>
      <![CDATA[<br>]]>
    </line>
    <line>
      <![CDATA[<a target="_blank" href=Wed_Sep_18_11_33_02_IST_2019.jpg><img src=Wed_Sep_18_11_33_02_IST_2019.jpg height=200 width=200></a>]]>
    </line>
    <line>
      <![CDATA[<a target="_blank" href=Wed_Sep_18_11_33_57_IST_2019.jpg>Screenshot link</a>]]>
    </line>
    <line>
      <![CDATA[<br>]]>
    </line>
    <line>
      <![CDATA[<a target="_blank" href=Wed_Sep_18_11_33_57_IST_2019.jpg><img src=Wed_Sep_18_11_33_57_IST_2019.jpg height=200 width=200></a>]]>
    </line>
    <line>
      <![CDATA[<a target="_blank" href=Wed_Sep_18_11_35_09_IST_2019.jpg>Screenshot link</a>]]>
    </line>
    <line>
      <![CDATA[<br>]]>
    </line>
    <line>
      <![CDATA[<a target="_blank" href=Wed_Sep_18_11_35_09_IST_2019.jpg><img src=Wed_Sep_18_11_35_09_IST_2019.jpg height=200 width=200></a>]]>
    </line>
    <line>
      <![CDATA[<a target="_blank" href=Wed_Sep_18_11_36_20_IST_2019.jpg>Screenshot link</a>]]>
    </line>
    <line>
      <![CDATA[<br>]]>
    </line>
    <line>
      <![CDATA[<a target="_blank" href=Wed_Sep_18_11_36_20_IST_2019.jpg><img src=Wed_Sep_18_11_36_20_IST_2019.jpg height=200 width=200></a>]]>
    </line>
    <line>
      <![CDATA[<a target="_blank" href=Wed_Sep_18_11_37_00_IST_2019.jpg>Screenshot link</a>]]>
    </line>
    <line>
      <![CDATA[<br>]]>
    </line>
    <line>
      <![CDATA[<a target="_blank" href=Wed_Sep_18_11_37_00_IST_2019.jpg><img src=Wed_Sep_18_11_37_00_IST_2019.jpg height=200 width=200></a>]]>
    </line>
    <line>
      <![CDATA[<a target="_blank" href=Wed_Sep_18_11_37_03_IST_2019.jpg>Screenshot link</a>]]>
    </line>
    <line>
      <![CDATA[<br>]]>
    </line>
    <line>
      <![CDATA[<a target="_blank" href=Wed_Sep_18_11_37_03_IST_2019.jpg><img src=Wed_Sep_18_11_37_03_IST_2019.jpg height=200 width=200></a>]]>
    </line>
  </reporter-output>
  <suite name="Suite" duration-ms="608423" started-at="2019-09-18T06:02:24Z" finished-at="2019-09-18T06:12:32Z">
    <groups>
    </groups>
    <test name="Soap UI Test" duration-ms="2669" started-at="2019-09-18T06:02:24Z" finished-at="2019-09-18T06:02:26Z">
      <class name="Testcase.soapTest">
        <test-method status="PASS" signature="ProcessPayLoadEnrollmentCalls(java.lang.String)[pri:0, instance:Testcase.soapTest@551aa95a]" name="ProcessPayLoadEnrollmentCalls" duration-ms="1564" started-at="2019-09-18T06:02:24Z" data-provider="getData" finished-at="2019-09-18T06:02:25Z">
          <params>
            <param index="0">
              <value>
                <![CDATA[TC_01]]>
              </value>
            </param>
          </params>
          <reporter-output>
          </reporter-output>
        </test-method> <!-- ProcessPayLoadEnrollmentCalls -->
        <test-method status="PASS" signature="ProcessPayLoadEnrollmentCalls(java.lang.String)[pri:0, instance:Testcase.soapTest@551aa95a]" name="ProcessPayLoadEnrollmentCalls" duration-ms="1026" started-at="2019-09-18T06:02:25Z" data-provider="getData" finished-at="2019-09-18T06:02:26Z">
          <params>
            <param index="0">
              <value>
                <![CDATA[TC_02]]>
              </value>
            </param>
          </params>
          <reporter-output>
          </reporter-output>
        </test-method> <!-- ProcessPayLoadEnrollmentCalls -->
      </class> <!-- Testcase.soapTest -->
    </test> <!-- Soap UI Test -->
    <test name="Validate and Post Test" duration-ms="28428" started-at="2019-09-18T06:02:27Z" finished-at="2019-09-18T06:02:55Z">
      <class name="Testcase.validateAndPostTest">
        <test-method status="PASS" signature="NSFBoomi(java.lang.String, java.lang.String)[pri:0, instance:Testcase.validateAndPostTest@23348b5d]" name="NSFBoomi" duration-ms="28423" started-at="2019-09-18T06:02:27Z" data-provider="getData" finished-at="2019-09-18T06:02:55Z">
          <params>
            <param index="0">
              <value>
                <![CDATA[Anuj11.Singh@nttdata.com]]>
              </value>
            </param>
            <param index="1">
              <value>
                <![CDATA[Ntt2018]]>
              </value>
            </param>
          </params>
          <reporter-output>
          </reporter-output>
        </test-method> <!-- NSFBoomi -->
      </class> <!-- Testcase.validateAndPostTest -->
    </test> <!-- Validate and Post Test -->
    <test name="Quote Status Test" duration-ms="7026" started-at="2019-09-18T06:02:55Z" finished-at="2019-09-18T06:03:02Z">
      <class name="Testcase.quoteStatusValidationTest">
        <test-method status="FAIL" signature="validation(java.lang.String)[pri:0, instance:Testcase.quoteStatusValidationTest@6f4a47c7]" name="validation" duration-ms="3342" started-at="2019-09-18T06:02:55Z" data-provider="getData" finished-at="2019-09-18T06:02:58Z">
          <params>
            <param index="0">
              <value>
                <![CDATA[700019091801-H]]>
              </value>
            </param>
          </params>
          <exception class="java.sql.SQLException">
            <message>
              <![CDATA[Exhausted Resultset]]>
            </message>
            <full-stacktrace>
              <![CDATA[java.sql.SQLException: Exhausted Resultset
at oracle.jdbc.driver.OracleResultSetImpl.getString(OracleResultSetImpl.java:1270)
at oracle.jdbc.driver.OracleResultSet.getString(OracleResultSet.java:498)
at Testcase.quoteStatusValidationTest.validation(quoteStatusValidationTest.java:45)
at sun.reflect.NativeMethodAccessorImpl.invoke0(Native Method)
at sun.reflect.NativeMethodAccessorImpl.invoke(Unknown Source)
at sun.reflect.DelegatingMethodAccessorImpl.invoke(Unknown Source)
at java.lang.reflect.Method.invoke(Unknown Source)
at org.testng.internal.MethodInvocationHelper.invokeMethod(MethodInvocationHelper.java:124)
at org.testng.internal.Invoker.invokeMethod(Invoker.java:583)
at org.testng.internal.Invoker.invokeTestMethod(Invoker.java:719)
at org.testng.internal.Invoker.invokeTestMethods(Invoker.java:989)
at org.testng.internal.TestMethodWorker.invokeTestMethods(TestMethodWorker.java:125)
at org.testng.internal.TestMethodWorker.run(TestMethodWorker.java:109)
at org.testng.TestRunner.privateRun(TestRunner.java:648)
at org.testng.TestRunner.run(TestRunner.java:505)
at org.testng.SuiteRunner.runTest(SuiteRunner.java:455)
at org.testng.SuiteRunner.runSequentially(SuiteRunner.java:450)
at org.testng.SuiteRunner.privateRun(SuiteRunner.java:415)
at org.testng.SuiteRunner.run(SuiteRunner.java:364)
at org.testng.SuiteRunnerWorker.runSuite(SuiteRunnerWorker.java:52)
at org.testng.SuiteRunnerWorker.run(SuiteRunnerWorker.java:84)
at org.testng.TestNG.runSuitesSequentially(TestNG.java:1208)
at org.testng.TestNG.runSuitesLocally(TestNG.java:1137)
at org.testng.TestNG.runSuites(TestNG.java:1049)
at org.testng.TestNG.run(TestNG.java:1017)
at org.testng.remote.AbstractRemoteTestNG.run(AbstractRemoteTestNG.java:114)
at org.testng.remote.RemoteTestNG.initAndRun(RemoteTestNG.java:251)
at org.testng.remote.RemoteTestNG.main(RemoteTestNG.java:77)
]]>
            </full-stacktrace>
          </exception> <!-- java.sql.SQLException -->
          <reporter-output>
            <line>
              <![CDATA[<a target="_blank" href=Wed_Sep_18_11_32_58_IST_2019.jpg>Screenshot link</a>]]>
            </line>
            <line>
              <![CDATA[<br>]]>
            </line>
            <line>
              <![CDATA[<a target="_blank" href=Wed_Sep_18_11_32_58_IST_2019.jpg><img src=Wed_Sep_18_11_32_58_IST_2019.jpg height=200 width=200></a>]]>
            </line>
          </reporter-output>
        </test-method> <!-- validation -->
        <test-method status="FAIL" signature="validation(java.lang.String)[pri:0, instance:Testcase.quoteStatusValidationTest@6f4a47c7]" name="validation" duration-ms="2835" started-at="2019-09-18T06:02:59Z" data-provider="getData" finished-at="2019-09-18T06:03:02Z">
          <params>
            <param index="0">
              <value>
                <![CDATA[700019091802-H]]>
              </value>
            </param>
          </params>
          <exception class="java.sql.SQLException">
            <message>
              <![CDATA[Exhausted Resultset]]>
            </message>
            <full-stacktrace>
              <![CDATA[java.sql.SQLException: Exhausted Resultset
at oracle.jdbc.driver.OracleResultSetImpl.getString(OracleResultSetImpl.java:1270)
at oracle.jdbc.driver.OracleResultSet.getString(OracleResultSet.java:498)
at Testcase.quoteStatusValidationTest.validation(quoteStatusValidationTest.java:45)
at sun.reflect.NativeMethodAccessorImpl.invoke0(Native Method)
at sun.reflect.NativeMethodAccessorImpl.invoke(Unknown Source)
at sun.reflect.DelegatingMethodAccessorImpl.invoke(Unknown Source)
at java.lang.reflect.Method.invoke(Unknown Source)
at org.testng.internal.MethodInvocationHelper.invokeMethod(MethodInvocationHelper.java:124)
at org.testng.internal.Invoker.invokeMethod(Invoker.java:583)
at org.testng.internal.Invoker.invokeTestMethod(Invoker.java:719)
at org.testng.internal.Invoker.invokeTestMethods(Invoker.java:989)
at org.testng.internal.TestMethodWorker.invokeTestMethods(TestMethodWorker.java:125)
at org.testng.internal.TestMethodWorker.run(TestMethodWorker.java:109)
at org.testng.TestRunner.privateRun(TestRunner.java:648)
at org.testng.TestRunner.run(TestRunner.java:505)
at org.testng.SuiteRunner.runTest(SuiteRunner.java:455)
at org.testng.SuiteRunner.runSequentially(SuiteRunner.java:450)
at org.testng.SuiteRunner.privateRun(SuiteRunner.java:415)
at org.testng.SuiteRunner.run(SuiteRunner.java:364)
at org.testng.SuiteRunnerWorker.runSuite(SuiteRunnerWorker.java:52)
at org.testng.SuiteRunnerWorker.run(SuiteRunnerWorker.java:84)
at org.testng.TestNG.runSuitesSequentially(TestNG.java:1208)
at org.testng.TestNG.runSuitesLocally(TestNG.java:1137)
at org.testng.TestNG.runSuites(TestNG.java:1049)
at org.testng.TestNG.run(TestNG.java:1017)
at org.testng.remote.AbstractRemoteTestNG.run(AbstractRemoteTestNG.java:114)
at org.testng.remote.RemoteTestNG.initAndRun(RemoteTestNG.java:251)
at org.testng.remote.RemoteTestNG.main(RemoteTestNG.java:77)
]]>
            </full-stacktrace>
          </exception> <!-- java.sql.SQLException -->
          <reporter-output>
            <line>
              <![CDATA[<a target="_blank" href=Wed_Sep_18_11_33_02_IST_2019.jpg>Screenshot link</a>]]>
            </line>
            <line>
              <![CDATA[<br>]]>
            </line>
            <line>
              <![CDATA[<a target="_blank" href=Wed_Sep_18_11_33_02_IST_2019.jpg><img src=Wed_Sep_18_11_33_02_IST_2019.jpg height=200 width=200></a>]]>
            </line>
          </reporter-output>
        </test-method> <!-- validation -->
      </class> <!-- Testcase.quoteStatusValidationTest -->
    </test> <!-- Quote Status Test -->
    <test name="PB Login Test" duration-ms="9691" started-at="2019-09-18T06:03:02Z" finished-at="2019-09-18T06:03:12Z">
      <class name="Testcase.PBLoginTest">
        <test-method status="PASS" signature="login(java.lang.String, java.lang.String)[pri:0, instance:Testcase.PBLoginTest@6236eb5f]" name="login" duration-ms="9688" started-at="2019-09-18T06:03:02Z" finished-at="2019-09-18T06:03:12Z">
          <params>
            <param index="0">
              <value>
                <![CDATA[doris]]>
              </value>
            </param>
            <param index="1">
              <value>
                <![CDATA[b0ma8c0nsit2$]]>
              </value>
            </param>
          </params>
          <reporter-output>
          </reporter-output>
        </test-method> <!-- login -->
      </class> <!-- Testcase.PBLoginTest -->
    </test> <!-- PB Login Test -->
    <test name="Payment Test" duration-ms="45769" started-at="2019-09-18T06:03:12Z" finished-at="2019-09-18T06:03:58Z">
      <class name="Testcase.memberPaymentTestNew">
        <test-method status="FAIL" signature="quote(java.lang.String, java.lang.String, java.lang.String, java.lang.String, java.lang.String)[pri:0, instance:Testcase.memberPaymentTestNew@3e96bacf]" name="quote" duration-ms="45292" started-at="2019-09-18T06:03:12Z" finished-at="2019-09-18T06:03:57Z">
          <params>
            <param index="0">
              <value>
                <![CDATA[doris]]>
              </value>
            </param>
            <param index="1">
              <value>
                <![CDATA[b0ma8c0nsit2$]]>
              </value>
            </param>
            <param index="2">
              <value>
                <![CDATA[1200]]>
              </value>
            </param>
            <param index="3">
              <value>
                <![CDATA[09/2019]]>
              </value>
            </param>
            <param index="4">
              <value>
                <![CDATA[700019091801-H]]>
              </value>
            </param>
          </params>
          <exception class="java.lang.AssertionError">
            <message>
              <![CDATA[Test is FAILED!!!]]>
            </message>
            <full-stacktrace>
              <![CDATA[java.lang.AssertionError: Test is FAILED!!!
at org.testng.Assert.fail(Assert.java:96)
at Testcase.memberPaymentTestNew.quote(memberPaymentTestNew.java:185)
at sun.reflect.NativeMethodAccessorImpl.invoke0(Native Method)
at sun.reflect.NativeMethodAccessorImpl.invoke(Unknown Source)
at sun.reflect.DelegatingMethodAccessorImpl.invoke(Unknown Source)
at java.lang.reflect.Method.invoke(Unknown Source)
at org.testng.internal.MethodInvocationHelper.invokeMethod(MethodInvocationHelper.java:124)
at org.testng.internal.Invoker.invokeMethod(Invoker.java:583)
at org.testng.internal.Invoker.invokeTestMethod(Invoker.java:719)
at org.testng.internal.Invoker.invokeTestMethods(Invoker.java:989)
at org.testng.internal.TestMethodWorker.invokeTestMethods(TestMethodWorker.java:125)
at org.testng.internal.TestMethodWorker.run(TestMethodWorker.java:109)
at org.testng.TestRunner.privateRun(TestRunner.java:648)
at org.testng.TestRunner.run(TestRunner.java:505)
at org.testng.SuiteRunner.runTest(SuiteRunner.java:455)
at org.testng.SuiteRunner.runSequentially(SuiteRunner.java:450)
at org.testng.SuiteRunner.privateRun(SuiteRunner.java:415)
at org.testng.SuiteRunner.run(SuiteRunner.java:364)
at org.testng.SuiteRunnerWorker.runSuite(SuiteRunnerWorker.java:52)
at org.testng.SuiteRunnerWorker.run(SuiteRunnerWorker.java:84)
at org.testng.TestNG.runSuitesSequentially(TestNG.java:1208)
at org.testng.TestNG.runSuitesLocally(TestNG.java:1137)
at org.testng.TestNG.runSuites(TestNG.java:1049)
at org.testng.TestNG.run(TestNG.java:1017)
at org.testng.remote.AbstractRemoteTestNG.run(AbstractRemoteTestNG.java:114)
at org.testng.remote.RemoteTestNG.initAndRun(RemoteTestNG.java:251)
at org.testng.remote.RemoteTestNG.main(RemoteTestNG.java:77)
]]>
            </full-stacktrace>
          </exception> <!-- java.lang.AssertionError -->
          <reporter-output>
            <line>
              <![CDATA[<a target="_blank" href=Wed_Sep_18_11_33_57_IST_2019.jpg>Screenshot link</a>]]>
            </line>
            <line>
              <![CDATA[<br>]]>
            </line>
            <line>
              <![CDATA[<a target="_blank" href=Wed_Sep_18_11_33_57_IST_2019.jpg><img src=Wed_Sep_18_11_33_57_IST_2019.jpg height=200 width=200></a>]]>
            </line>
          </reporter-output>
        </test-method> <!-- quote -->
      </class> <!-- Testcase.memberPaymentTestNew -->
    </test> <!-- Payment Test -->
    <test name="Quote Generation Test" duration-ms="142832" started-at="2019-09-18T06:03:58Z" finished-at="2019-09-18T06:06:20Z">
      <class name="Testcase.firstQuoteGenerationTest">
        <test-method status="FAIL" signature="quote(java.lang.String, java.lang.String)[pri:0, instance:Testcase.firstQuoteGenerationTest@60015ef5]" name="quote" duration-ms="71362" started-at="2019-09-18T06:03:58Z" finished-at="2019-09-18T06:05:09Z">
          <params>
            <param index="0">
              <value>
                <![CDATA[700019091801-H]]>
              </value>
            </param>
            <param index="1">
              <value>
                <![CDATA[01/2019]]>
              </value>
            </param>
          </params>
          <exception class="java.sql.SQLException">
            <message>
              <![CDATA[Exhausted Resultset]]>
            </message>
            <full-stacktrace>
              <![CDATA[java.sql.SQLException: Exhausted Resultset
at oracle.jdbc.driver.OracleResultSetImpl.getString(OracleResultSetImpl.java:1270)
at oracle.jdbc.driver.OracleResultSet.getString(OracleResultSet.java:498)
at Testcase.firstQuoteGenerationTest.quote(firstQuoteGenerationTest.java:95)
at sun.reflect.NativeMethodAccessorImpl.invoke0(Native Method)
at sun.reflect.NativeMethodAccessorImpl.invoke(Unknown Source)
at sun.reflect.DelegatingMethodAccessorImpl.invoke(Unknown Source)
at java.lang.reflect.Method.invoke(Unknown Source)
at org.testng.internal.MethodInvocationHelper.invokeMethod(MethodInvocationHelper.java:124)
at org.testng.internal.Invoker.invokeMethod(Invoker.java:583)
at org.testng.internal.Invoker.invokeTestMethod(Invoker.java:719)
at org.testng.internal.Invoker.invokeTestMethods(Invoker.java:989)
at org.testng.internal.TestMethodWorker.invokeTestMethods(TestMethodWorker.java:125)
at org.testng.internal.TestMethodWorker.run(TestMethodWorker.java:109)
at org.testng.TestRunner.privateRun(TestRunner.java:648)
at org.testng.TestRunner.run(TestRunner.java:505)
at org.testng.SuiteRunner.runTest(SuiteRunner.java:455)
at org.testng.SuiteRunner.runSequentially(SuiteRunner.java:450)
at org.testng.SuiteRunner.privateRun(SuiteRunner.java:415)
at org.testng.SuiteRunner.run(SuiteRunner.java:364)
at org.testng.SuiteRunnerWorker.runSuite(SuiteRunnerWorker.java:52)
at org.testng.SuiteRunnerWorker.run(SuiteRunnerWorker.java:84)
at org.testng.TestNG.runSuitesSequentially(TestNG.java:1208)
at org.testng.TestNG.runSuitesLocally(TestNG.java:1137)
at org.testng.TestNG.runSuites(TestNG.java:1049)
at org.testng.TestNG.run(TestNG.java:1017)
at org.testng.remote.AbstractRemoteTestNG.run(AbstractRemoteTestNG.java:114)
at org.testng.remote.RemoteTestNG.initAndRun(RemoteTestNG.java:251)
at org.testng.remote.RemoteTestNG.main(RemoteTestNG.java:77)
]]>
            </full-stacktrace>
          </exception> <!-- java.sql.SQLException -->
          <reporter-output>
            <line>
              <![CDATA[<a target="_blank" href=Wed_Sep_18_11_35_09_IST_2019.jpg>Screenshot link</a>]]>
            </line>
            <line>
              <![CDATA[<br>]]>
            </line>
            <line>
              <![CDATA[<a target="_blank" href=Wed_Sep_18_11_35_09_IST_2019.jpg><img src=Wed_Sep_18_11_35_09_IST_2019.jpg height=200 width=200></a>]]>
            </line>
          </reporter-output>
        </test-method> <!-- quote -->
        <test-method status="FAIL" signature="quote(java.lang.String, java.lang.String)[pri:0, instance:Testcase.firstQuoteGenerationTest@60015ef5]" name="quote" duration-ms="70604" started-at="2019-09-18T06:05:10Z" finished-at="2019-09-18T06:06:20Z">
          <params>
            <param index="0">
              <value>
                <![CDATA[700019091802-H]]>
              </value>
            </param>
            <param index="1">
              <value>
                <![CDATA[01/2019]]>
              </value>
            </param>
          </params>
          <exception class="java.sql.SQLException">
            <message>
              <![CDATA[Exhausted Resultset]]>
            </message>
            <full-stacktrace>
              <![CDATA[java.sql.SQLException: Exhausted Resultset
at oracle.jdbc.driver.OracleResultSetImpl.getString(OracleResultSetImpl.java:1270)
at oracle.jdbc.driver.OracleResultSet.getString(OracleResultSet.java:498)
at Testcase.firstQuoteGenerationTest.quote(firstQuoteGenerationTest.java:95)
at sun.reflect.NativeMethodAccessorImpl.invoke0(Native Method)
at sun.reflect.NativeMethodAccessorImpl.invoke(Unknown Source)
at sun.reflect.DelegatingMethodAccessorImpl.invoke(Unknown Source)
at java.lang.reflect.Method.invoke(Unknown Source)
at org.testng.internal.MethodInvocationHelper.invokeMethod(MethodInvocationHelper.java:124)
at org.testng.internal.Invoker.invokeMethod(Invoker.java:583)
at org.testng.internal.Invoker.invokeTestMethod(Invoker.java:719)
at org.testng.internal.Invoker.invokeTestMethods(Invoker.java:989)
at org.testng.internal.TestMethodWorker.invokeTestMethods(TestMethodWorker.java:125)
at org.testng.internal.TestMethodWorker.run(TestMethodWorker.java:109)
at org.testng.TestRunner.privateRun(TestRunner.java:648)
at org.testng.TestRunner.run(TestRunner.java:505)
at org.testng.SuiteRunner.runTest(SuiteRunner.java:455)
at org.testng.SuiteRunner.runSequentially(SuiteRunner.java:450)
at org.testng.SuiteRunner.privateRun(SuiteRunner.java:415)
at org.testng.SuiteRunner.run(SuiteRunner.java:364)
at org.testng.SuiteRunnerWorker.runSuite(SuiteRunnerWorker.java:52)
at org.testng.SuiteRunnerWorker.run(SuiteRunnerWorker.java:84)
at org.testng.TestNG.runSuitesSequentially(TestNG.java:1208)
at org.testng.TestNG.runSuitesLocally(TestNG.java:1137)
at org.testng.TestNG.runSuites(TestNG.java:1049)
at org.testng.TestNG.run(TestNG.java:1017)
at org.testng.remote.AbstractRemoteTestNG.run(AbstractRemoteTestNG.java:114)
at org.testng.remote.RemoteTestNG.initAndRun(RemoteTestNG.java:251)
at org.testng.remote.RemoteTestNG.main(RemoteTestNG.java:77)
]]>
            </full-stacktrace>
          </exception> <!-- java.sql.SQLException -->
          <reporter-output>
            <line>
              <![CDATA[<a target="_blank" href=Wed_Sep_18_11_36_20_IST_2019.jpg>Screenshot link</a>]]>
            </line>
            <line>
              <![CDATA[<br>]]>
            </line>
            <line>
              <![CDATA[<a target="_blank" href=Wed_Sep_18_11_36_20_IST_2019.jpg><img src=Wed_Sep_18_11_36_20_IST_2019.jpg height=200 width=200></a>]]>
            </line>
          </reporter-output>
        </test-method> <!-- quote -->
      </class> <!-- Testcase.firstQuoteGenerationTest -->
    </test> <!-- Quote Generation Test -->
    <test name="Daily member Update Test" duration-ms="36794" started-at="2019-09-18T06:06:21Z" finished-at="2019-09-18T06:06:57Z">
      <class name="Testcase.dailyMemberUpdateTest">
        <test-method status="PASS" signature="NSFBoomi(java.lang.String, java.lang.String)[pri:0, instance:Testcase.dailyMemberUpdateTest@5ab9e72c]" name="NSFBoomi" duration-ms="36792" started-at="2019-09-18T06:06:21Z" data-provider="getData" finished-at="2019-09-18T06:06:57Z">
          <params>
            <param index="0">
              <value>
                <![CDATA[Anuj11.Singh@nttdata.com]]>
              </value>
            </param>
            <param index="1">
              <value>
                <![CDATA[Ntt2018]]>
              </value>
            </param>
          </params>
          <reporter-output>
          </reporter-output>
        </test-method> <!-- NSFBoomi -->
      </class> <!-- Testcase.dailyMemberUpdateTest -->
    </test> <!-- Daily member Update Test -->
    <test name="Member Effectuation Status Test" duration-ms="6538" started-at="2019-09-18T06:06:57Z" finished-at="2019-09-18T06:07:04Z">
      <class name="Testcase.memberEffectuationStatusTest">
        <test-method status="FAIL" signature="validation(java.lang.String)[pri:0, instance:Testcase.memberEffectuationStatusTest@28975c28]" name="validation" duration-ms="2825" started-at="2019-09-18T06:06:57Z" data-provider="getData" finished-at="2019-09-18T06:07:00Z">
          <params>
            <param index="0">
              <value>
                <![CDATA[700019091801-H]]>
              </value>
            </param>
          </params>
          <exception class="java.sql.SQLException">
            <message>
              <![CDATA[Exhausted Resultset]]>
            </message>
            <full-stacktrace>
              <![CDATA[java.sql.SQLException: Exhausted Resultset
at oracle.jdbc.driver.OracleResultSetImpl.getString(OracleResultSetImpl.java:1270)
at oracle.jdbc.driver.OracleResultSet.getString(OracleResultSet.java:498)
at Testcase.memberEffectuationStatusTest.validation(memberEffectuationStatusTest.java:45)
at sun.reflect.NativeMethodAccessorImpl.invoke0(Native Method)
at sun.reflect.NativeMethodAccessorImpl.invoke(Unknown Source)
at sun.reflect.DelegatingMethodAccessorImpl.invoke(Unknown Source)
at java.lang.reflect.Method.invoke(Unknown Source)
at org.testng.internal.MethodInvocationHelper.invokeMethod(MethodInvocationHelper.java:124)
at org.testng.internal.Invoker.invokeMethod(Invoker.java:583)
at org.testng.internal.Invoker.invokeTestMethod(Invoker.java:719)
at org.testng.internal.Invoker.invokeTestMethods(Invoker.java:989)
at org.testng.internal.TestMethodWorker.invokeTestMethods(TestMethodWorker.java:125)
at org.testng.internal.TestMethodWorker.run(TestMethodWorker.java:109)
at org.testng.TestRunner.privateRun(TestRunner.java:648)
at org.testng.TestRunner.run(TestRunner.java:505)
at org.testng.SuiteRunner.runTest(SuiteRunner.java:455)
at org.testng.SuiteRunner.runSequentially(SuiteRunner.java:450)
at org.testng.SuiteRunner.privateRun(SuiteRunner.java:415)
at org.testng.SuiteRunner.run(SuiteRunner.java:364)
at org.testng.SuiteRunnerWorker.runSuite(SuiteRunnerWorker.java:52)
at org.testng.SuiteRunnerWorker.run(SuiteRunnerWorker.java:84)
at org.testng.TestNG.runSuitesSequentially(TestNG.java:1208)
at org.testng.TestNG.runSuitesLocally(TestNG.java:1137)
at org.testng.TestNG.runSuites(TestNG.java:1049)
at org.testng.TestNG.run(TestNG.java:1017)
at org.testng.remote.AbstractRemoteTestNG.run(AbstractRemoteTestNG.java:114)
at org.testng.remote.RemoteTestNG.initAndRun(RemoteTestNG.java:251)
at org.testng.remote.RemoteTestNG.main(RemoteTestNG.java:77)
]]>
            </full-stacktrace>
          </exception> <!-- java.sql.SQLException -->
          <reporter-output>
            <line>
              <![CDATA[<a target="_blank" href=Wed_Sep_18_11_37_00_IST_2019.jpg>Screenshot link</a>]]>
            </line>
            <line>
              <![CDATA[<br>]]>
            </line>
            <line>
              <![CDATA[<a target="_blank" href=Wed_Sep_18_11_37_00_IST_2019.jpg><img src=Wed_Sep_18_11_37_00_IST_2019.jpg height=200 width=200></a>]]>
            </line>
          </reporter-output>
        </test-method> <!-- validation -->
        <test-method status="FAIL" signature="validation(java.lang.String)[pri:0, instance:Testcase.memberEffectuationStatusTest@28975c28]" name="validation" duration-ms="2828" started-at="2019-09-18T06:07:01Z" data-provider="getData" finished-at="2019-09-18T06:07:03Z">
          <params>
            <param index="0">
              <value>
                <![CDATA[700019091802-H]]>
              </value>
            </param>
          </params>
          <exception class="java.sql.SQLException">
            <message>
              <![CDATA[Exhausted Resultset]]>
            </message>
            <full-stacktrace>
              <![CDATA[java.sql.SQLException: Exhausted Resultset
at oracle.jdbc.driver.OracleResultSetImpl.getString(OracleResultSetImpl.java:1270)
at oracle.jdbc.driver.OracleResultSet.getString(OracleResultSet.java:498)
at Testcase.memberEffectuationStatusTest.validation(memberEffectuationStatusTest.java:45)
at sun.reflect.NativeMethodAccessorImpl.invoke0(Native Method)
at sun.reflect.NativeMethodAccessorImpl.invoke(Unknown Source)
at sun.reflect.DelegatingMethodAccessorImpl.invoke(Unknown Source)
at java.lang.reflect.Method.invoke(Unknown Source)
at org.testng.internal.MethodInvocationHelper.invokeMethod(MethodInvocationHelper.java:124)
at org.testng.internal.Invoker.invokeMethod(Invoker.java:583)
at org.testng.internal.Invoker.invokeTestMethod(Invoker.java:719)
at org.testng.internal.Invoker.invokeTestMethods(Invoker.java:989)
at org.testng.internal.TestMethodWorker.invokeTestMethods(TestMethodWorker.java:125)
at org.testng.internal.TestMethodWorker.run(TestMethodWorker.java:109)
at org.testng.TestRunner.privateRun(TestRunner.java:648)
at org.testng.TestRunner.run(TestRunner.java:505)
at org.testng.SuiteRunner.runTest(SuiteRunner.java:455)
at org.testng.SuiteRunner.runSequentially(SuiteRunner.java:450)
at org.testng.SuiteRunner.privateRun(SuiteRunner.java:415)
at org.testng.SuiteRunner.run(SuiteRunner.java:364)
at org.testng.SuiteRunnerWorker.runSuite(SuiteRunnerWorker.java:52)
at org.testng.SuiteRunnerWorker.run(SuiteRunnerWorker.java:84)
at org.testng.TestNG.runSuitesSequentially(TestNG.java:1208)
at org.testng.TestNG.runSuitesLocally(TestNG.java:1137)
at org.testng.TestNG.runSuites(TestNG.java:1049)
at org.testng.TestNG.run(TestNG.java:1017)
at org.testng.remote.AbstractRemoteTestNG.run(AbstractRemoteTestNG.java:114)
at org.testng.remote.RemoteTestNG.initAndRun(RemoteTestNG.java:251)
at org.testng.remote.RemoteTestNG.main(RemoteTestNG.java:77)
]]>
            </full-stacktrace>
          </exception> <!-- java.sql.SQLException -->
          <reporter-output>
            <line>
              <![CDATA[<a target="_blank" href=Wed_Sep_18_11_37_03_IST_2019.jpg>Screenshot link</a>]]>
            </line>
            <line>
              <![CDATA[<br>]]>
            </line>
            <line>
              <![CDATA[<a target="_blank" href=Wed_Sep_18_11_37_03_IST_2019.jpg><img src=Wed_Sep_18_11_37_03_IST_2019.jpg height=200 width=200></a>]]>
            </line>
          </reporter-output>
        </test-method> <!-- validation -->
      </class> <!-- Testcase.memberEffectuationStatusTest -->
    </test> <!-- Member Effectuation Status Test -->
    <test name="Generate Invoice Test" duration-ms="328228" started-at="2019-09-18T06:07:04Z" finished-at="2019-09-18T06:12:32Z">
      <class name="Testcase.generateInvoiceTest">
        <test-method status="PASS" signature="login(java.lang.String, java.lang.String, java.lang.String)[pri:0, instance:Testcase.generateInvoiceTest@dd0c991]" name="login" duration-ms="163645" started-at="2019-09-18T06:07:04Z" data-provider="getData" finished-at="2019-09-18T06:09:48Z">
          <params>
            <param index="0">
              <value>
                <![CDATA[700019091801-H]]>
              </value>
            </param>
            <param index="1">
              <value>
                <![CDATA[12/31/2019]]>
              </value>
            </param>
            <param index="2">
              <value>
                <![CDATA[09/2019]]>
              </value>
            </param>
          </params>
          <reporter-output>
          </reporter-output>
        </test-method> <!-- login -->
        <test-method status="PASS" signature="login(java.lang.String, java.lang.String, java.lang.String)[pri:0, instance:Testcase.generateInvoiceTest@dd0c991]" name="login" duration-ms="164576" started-at="2019-09-18T06:09:48Z" data-provider="getData" finished-at="2019-09-18T06:12:32Z">
          <params>
            <param index="0">
              <value>
                <![CDATA[700019091802-H]]>
              </value>
            </param>
            <param index="1">
              <value>
                <![CDATA[12/31/2019]]>
              </value>
            </param>
            <param index="2">
              <value>
                <![CDATA[09/2019]]>
              </value>
            </param>
          </params>
          <reporter-output>
          </reporter-output>
        </test-method> <!-- login -->
      </class> <!-- Testcase.generateInvoiceTest -->
      <class name="Testcase.dailyMemberUpdateTest">
        <test-method status="PASS" signature="setUp()[pri:0, instance:Testcase.dailyMemberUpdateTest@5ab9e72c]" name="setUp" is-config="true" duration-ms="33595" started-at="2019-09-18T06:01:19Z" finished-at="2019-09-18T06:01:52Z">
          <reporter-output>
          </reporter-output>
        </test-method> <!-- setUp -->
        <test-method status="PASS" signature="setUp()[pri:0, instance:Testcase.generateInvoiceTest@dd0c991]" name="setUp" is-config="true" duration-ms="31262" started-at="2019-09-18T06:01:52Z" finished-at="2019-09-18T06:02:24Z">
          <reporter-output>
          </reporter-output>
        </test-method> <!-- setUp -->
        <test-method status="PASS" signature="tearDown()[pri:0, instance:Testcase.dailyMemberUpdateTest@5ab9e72c]" name="tearDown" is-config="true" duration-ms="933" started-at="2019-09-18T06:12:32Z" finished-at="2019-09-18T06:12:33Z">
          <reporter-output>
          </reporter-output>
        </test-method> <!-- tearDown -->
        <test-method status="PASS" signature="tearDown()[pri:0, instance:Testcase.generateInvoiceTest@dd0c991]" name="tearDown" is-config="true" duration-ms="1076" started-at="2019-09-18T06:12:33Z" finished-at="2019-09-18T06:12:34Z">
          <reporter-output>
          </reporter-output>
        </test-method> <!-- tearDown -->
      </class> <!-- Testcase.dailyMemberUpdateTest -->
    </test> <!-- Generate Invoice Test -->
  </suite> <!-- Suite -->
</testng-results>
